This is pdfTeX, Version 3.14159265-2.6-1.40.19 (TeX Live 2018) (preloaded format=pdflatex 2019.3.22)  3 APR 2019 13:15
entering extended mode
 restricted \write18 enabled.
 %&-line parsing enabled.
**EGU2019Poster.tex
(./EGU2019Poster.tex
LaTeX2e <2018-12-01>

(/home/parkinsonjl/soft/texlive/2018/texmf-dist/tex/latex/tikzposter/tikzposter
.cls
Document Class: tikzposter 2014/01/15 v2.0 LaTeX document class for Posters
(/home/parkinsonjl/soft/texlive/2018/texmf-dist/tex/latex/xkeyval/xkeyval.sty
Package: xkeyval 2014/12/03 v2.7a package option processing (HA)

(/home/parkinsonjl/soft/texlive/2018/texmf-dist/tex/generic/xkeyval/xkeyval.tex

(/home/parkinsonjl/soft/texlive/2018/texmf-dist/tex/generic/xkeyval/xkvutils.te
x
\XKV@toks=\toks14
\XKV@tempa@toks=\toks15

(/home/parkinsonjl/soft/texlive/2018/texmf-dist/tex/generic/xkeyval/keyval.tex)
)
\XKV@depth=\count80
File: xkeyval.tex 2014/12/03 v2.7a key=value parser (HA)
)) (/home/parkinsonjl/soft/texlive/2018/texmf-dist/tex/latex/tools/calc.sty
Package: calc 2017/05/25 v4.3 Infix arithmetic (KKT,FJ)
\calc@Acount=\count81
\calc@Bcount=\count82
\calc@Adimen=\dimen102
\calc@Bdimen=\dimen103
\calc@Askip=\skip41
\calc@Bskip=\skip42
LaTeX Info: Redefining \setlength on input line 80.
LaTeX Info: Redefining \addtolength on input line 81.
\calc@Ccount=\count83
\calc@Cskip=\skip43
)
(/home/parkinsonjl/soft/texlive/2018/texmf-dist/tex/latex/base/ifthen.sty
Package: ifthen 2014/09/29 v1.1c Standard LaTeX ifthen package (DPC)
)
(/home/parkinsonjl/soft/texlive/2018/texmf-dist/tex/latex/ae/ae.sty
Package: ae 2001/02/12 1.3 Almost European Computer Modern

(/home/parkinsonjl/soft/texlive/2018/texmf-dist/tex/latex/base/fontenc.sty
Package: fontenc 2018/08/11 v2.0j Standard LaTeX package

(/home/parkinsonjl/soft/texlive/2018/texmf-dist/tex/latex/base/t1enc.def
File: t1enc.def 2018/08/11 v2.0j Standard LaTeX file
LaTeX Font Info:    Redeclaring font encoding T1 on input line 48.
)
LaTeX Font Info:    Try loading font information for T1+aer on input line 105.

(/home/parkinsonjl/soft/texlive/2018/texmf-dist/tex/latex/ae/t1aer.fd
File: t1aer.fd 1997/11/16 Font definitions for T1/aer.
)))
(/home/parkinsonjl/soft/texlive/2018/texmf-dist/tex/generic/xstring/xstring.sty

(/home/parkinsonjl/soft/texlive/2018/texmf-dist/tex/generic/xstring/xstring.tex
\integerpart=\count84
\decimalpart=\count85
)
Package: xstring 2019/02/06 v1.83 String manipulations (CT)
)
(/home/parkinsonjl/soft/texlive/2018/texmf-dist/tex/latex/etoolbox/etoolbox.sty
Package: etoolbox 2018/08/19 v2.5f e-TeX tools for LaTeX (JAW)
\etb@tempcnta=\count86
)
(/home/parkinsonjl/soft/texlive/2018/texmf-dist/tex/latex/pgf/frontendlayer/tik
z.sty
(/home/parkinsonjl/soft/texlive/2018/texmf-dist/tex/latex/pgf/basiclayer/pgf.st
y
(/home/parkinsonjl/soft/texlive/2018/texmf-dist/tex/latex/pgf/utilities/pgfrcs.
sty
(/home/parkinsonjl/soft/texlive/2018/texmf-dist/tex/generic/pgf/utilities/pgfut
il-common.tex
\pgfutil@everybye=\toks16
\pgfutil@tempdima=\dimen104
\pgfutil@tempdimb=\dimen105

(/home/parkinsonjl/soft/texlive/2018/texmf-dist/tex/generic/pgf/utilities/pgfut
il-common-lists.tex))
(/home/parkinsonjl/soft/texlive/2018/texmf-dist/tex/generic/pgf/utilities/pgfut
il-latex.def
\pgfutil@abb=\box27

(/home/parkinsonjl/soft/texlive/2018/texmf-dist/tex/latex/ms/everyshi.sty
Package: everyshi 2001/05/15 v3.00 EveryShipout Package (MS)
))
(/home/parkinsonjl/soft/texlive/2018/texmf-dist/tex/generic/pgf/utilities/pgfrc
s.code.tex
(/home/parkinsonjl/soft/texlive/2018/texmf-dist/tex/generic/pgf/pgf.revision.te
x)
Package: pgfrcs 2019/02/02 v3.1.1 (3.1.1)
))
Package: pgf 2019/02/02 v3.1.1 (3.1.1)

(/home/parkinsonjl/soft/texlive/2018/texmf-dist/tex/latex/pgf/basiclayer/pgfcor
e.sty
(/home/parkinsonjl/soft/texlive/2018/texmf-dist/tex/latex/graphics/graphicx.sty
Package: graphicx 2017/06/01 v1.1a Enhanced LaTeX Graphics (DPC,SPQR)

(/home/parkinsonjl/soft/texlive/2018/texmf-dist/tex/latex/graphics/graphics.sty
Package: graphics 2017/06/25 v1.2c Standard LaTeX Graphics (DPC,SPQR)
(/home/parkinsonjl/soft/texlive/2018/texmf-dist/tex/latex/graphics/trig.sty
Package: trig 2016/01/03 v1.10 sin cos tan (DPC)
)
(/home/parkinsonjl/soft/texlive/2018/texmf-dist/tex/latex/graphics-cfg/graphics
.cfg
File: graphics.cfg 2016/06/04 v1.11 sample graphics configuration
)
Package graphics Info: Driver file: pdftex.def on input line 99.

(/home/parkinsonjl/soft/texlive/2018/texmf-dist/tex/latex/graphics-def/pdftex.d
ef
File: pdftex.def 2018/01/08 v1.0l Graphics/color driver for pdftex
))
\Gin@req@height=\dimen106
\Gin@req@width=\dimen107
)
(/home/parkinsonjl/soft/texlive/2018/texmf-dist/tex/latex/pgf/systemlayer/pgfsy
s.sty
(/home/parkinsonjl/soft/texlive/2018/texmf-dist/tex/generic/pgf/systemlayer/pgf
sys.code.tex
Package: pgfsys 2019/02/02 v3.1.1 (3.1.1)

(/home/parkinsonjl/soft/texlive/2018/texmf-dist/tex/generic/pgf/utilities/pgfke
ys.code.tex
\pgfkeys@pathtoks=\toks17
\pgfkeys@temptoks=\toks18

(/home/parkinsonjl/soft/texlive/2018/texmf-dist/tex/generic/pgf/utilities/pgfke
ysfiltered.code.tex
\pgfkeys@tmptoks=\toks19
))
\pgf@x=\dimen108
\pgf@y=\dimen109
\pgf@xa=\dimen110
\pgf@ya=\dimen111
\pgf@xb=\dimen112
\pgf@yb=\dimen113
\pgf@xc=\dimen114
\pgf@yc=\dimen115
\w@pgf@writea=\write3
\r@pgf@reada=\read1
\c@pgf@counta=\count87
\c@pgf@countb=\count88
\c@pgf@countc=\count89
\c@pgf@countd=\count90
\t@pgf@toka=\toks20
\t@pgf@tokb=\toks21
\t@pgf@tokc=\toks22
\pgf@sys@id@count=\count91

(/home/parkinsonjl/soft/texlive/2018/texmf-dist/tex/generic/pgf/systemlayer/pgf
.cfg
File: pgf.cfg 2019/02/02 v3.1.1 (3.1.1)
)
Driver file for pgf: pgfsys-pdftex.def

(/home/parkinsonjl/soft/texlive/2018/texmf-dist/tex/generic/pgf/systemlayer/pgf
sys-pdftex.def
File: pgfsys-pdftex.def 2019/02/02 v3.1.1 (3.1.1)

(/home/parkinsonjl/soft/texlive/2018/texmf-dist/tex/generic/pgf/systemlayer/pgf
sys-common-pdf.def
File: pgfsys-common-pdf.def 2019/02/02 v3.1.1 (3.1.1)
)))
(/home/parkinsonjl/soft/texlive/2018/texmf-dist/tex/generic/pgf/systemlayer/pgf
syssoftpath.code.tex
File: pgfsyssoftpath.code.tex 2019/02/02 v3.1.1 (3.1.1)
\pgfsyssoftpath@smallbuffer@items=\count92
\pgfsyssoftpath@bigbuffer@items=\count93
)
(/home/parkinsonjl/soft/texlive/2018/texmf-dist/tex/generic/pgf/systemlayer/pgf
sysprotocol.code.tex
File: pgfsysprotocol.code.tex 2019/02/02 v3.1.1 (3.1.1)
))
(/home/parkinsonjl/soft/texlive/2018/texmf-dist/tex/latex/xcolor/xcolor.sty
Package: xcolor 2016/05/11 v2.12 LaTeX color extensions (UK)

(/home/parkinsonjl/soft/texlive/2018/texmf-dist/tex/latex/graphics-cfg/color.cf
g
File: color.cfg 2016/01/02 v1.6 sample color configuration
)
Package xcolor Info: Driver file: pdftex.def on input line 225.
Package xcolor Info: Model `cmy' substituted by `cmy0' on input line 1348.
Package xcolor Info: Model `hsb' substituted by `rgb' on input line 1352.
Package xcolor Info: Model `RGB' extended on input line 1364.
Package xcolor Info: Model `HTML' substituted by `rgb' on input line 1366.
Package xcolor Info: Model `Hsb' substituted by `hsb' on input line 1367.
Package xcolor Info: Model `tHsb' substituted by `hsb' on input line 1368.
Package xcolor Info: Model `HSB' substituted by `hsb' on input line 1369.
Package xcolor Info: Model `Gray' substituted by `gray' on input line 1370.
Package xcolor Info: Model `wave' substituted by `hsb' on input line 1371.
)
(/home/parkinsonjl/soft/texlive/2018/texmf-dist/tex/generic/pgf/basiclayer/pgfc
ore.code.tex
Package: pgfcore 2019/02/02 v3.1.1 (3.1.1)

(/home/parkinsonjl/soft/texlive/2018/texmf-dist/tex/generic/pgf/math/pgfmath.co
de.tex
(/home/parkinsonjl/soft/texlive/2018/texmf-dist/tex/generic/pgf/math/pgfmathcal
c.code.tex
(/home/parkinsonjl/soft/texlive/2018/texmf-dist/tex/generic/pgf/math/pgfmathuti
l.code.tex)
(/home/parkinsonjl/soft/texlive/2018/texmf-dist/tex/generic/pgf/math/pgfmathpar
ser.code.tex
\pgfmath@dimen=\dimen116
\pgfmath@count=\count94
\pgfmath@box=\box28
\pgfmath@toks=\toks23
\pgfmath@stack@operand=\toks24
\pgfmath@stack@operation=\toks25
)
(/home/parkinsonjl/soft/texlive/2018/texmf-dist/tex/generic/pgf/math/pgfmathfun
ctions.code.tex
(/home/parkinsonjl/soft/texlive/2018/texmf-dist/tex/generic/pgf/math/pgfmathfun
ctions.basic.code.tex)
(/home/parkinsonjl/soft/texlive/2018/texmf-dist/tex/generic/pgf/math/pgfmathfun
ctions.trigonometric.code.tex)
(/home/parkinsonjl/soft/texlive/2018/texmf-dist/tex/generic/pgf/math/pgfmathfun
ctions.random.code.tex)
(/home/parkinsonjl/soft/texlive/2018/texmf-dist/tex/generic/pgf/math/pgfmathfun
ctions.comparison.code.tex)
(/home/parkinsonjl/soft/texlive/2018/texmf-dist/tex/generic/pgf/math/pgfmathfun
ctions.base.code.tex)
(/home/parkinsonjl/soft/texlive/2018/texmf-dist/tex/generic/pgf/math/pgfmathfun
ctions.round.code.tex)
(/home/parkinsonjl/soft/texlive/2018/texmf-dist/tex/generic/pgf/math/pgfmathfun
ctions.misc.code.tex)
(/home/parkinsonjl/soft/texlive/2018/texmf-dist/tex/generic/pgf/math/pgfmathfun
ctions.integerarithmetics.code.tex)))
(/home/parkinsonjl/soft/texlive/2018/texmf-dist/tex/generic/pgf/math/pgfmathflo
at.code.tex
\c@pgfmathroundto@lastzeros=\count95
))
(/home/parkinsonjl/soft/texlive/2018/texmf-dist/tex/generic/pgf/basiclayer/pgfc
orepoints.code.tex
File: pgfcorepoints.code.tex 2019/02/02 v3.1.1 (3.1.1)
\pgf@picminx=\dimen117
\pgf@picmaxx=\dimen118
\pgf@picminy=\dimen119
\pgf@picmaxy=\dimen120
\pgf@pathminx=\dimen121
\pgf@pathmaxx=\dimen122
\pgf@pathminy=\dimen123
\pgf@pathmaxy=\dimen124
\pgf@xx=\dimen125
\pgf@xy=\dimen126
\pgf@yx=\dimen127
\pgf@yy=\dimen128
\pgf@zx=\dimen129
\pgf@zy=\dimen130
)
(/home/parkinsonjl/soft/texlive/2018/texmf-dist/tex/generic/pgf/basiclayer/pgfc
orepathconstruct.code.tex
File: pgfcorepathconstruct.code.tex 2019/02/02 v3.1.1 (3.1.1)
\pgf@path@lastx=\dimen131
\pgf@path@lasty=\dimen132
)
(/home/parkinsonjl/soft/texlive/2018/texmf-dist/tex/generic/pgf/basiclayer/pgfc
orepathusage.code.tex
File: pgfcorepathusage.code.tex 2019/02/02 v3.1.1 (3.1.1)
\pgf@shorten@end@additional=\dimen133
\pgf@shorten@start@additional=\dimen134
)
(/home/parkinsonjl/soft/texlive/2018/texmf-dist/tex/generic/pgf/basiclayer/pgfc
orescopes.code.tex
File: pgfcorescopes.code.tex 2019/02/02 v3.1.1 (3.1.1)
\pgfpic=\box29
\pgf@hbox=\box30
\pgf@layerbox@main=\box31
\pgf@picture@serial@count=\count96
)
(/home/parkinsonjl/soft/texlive/2018/texmf-dist/tex/generic/pgf/basiclayer/pgfc
oregraphicstate.code.tex
File: pgfcoregraphicstate.code.tex 2019/02/02 v3.1.1 (3.1.1)
\pgflinewidth=\dimen135
)
(/home/parkinsonjl/soft/texlive/2018/texmf-dist/tex/generic/pgf/basiclayer/pgfc
oretransformations.code.tex
File: pgfcoretransformations.code.tex 2019/02/02 v3.1.1 (3.1.1)
\pgf@pt@x=\dimen136
\pgf@pt@y=\dimen137
\pgf@pt@temp=\dimen138
)
(/home/parkinsonjl/soft/texlive/2018/texmf-dist/tex/generic/pgf/basiclayer/pgfc
orequick.code.tex
File: pgfcorequick.code.tex 2019/02/02 v3.1.1 (3.1.1)
)
(/home/parkinsonjl/soft/texlive/2018/texmf-dist/tex/generic/pgf/basiclayer/pgfc
oreobjects.code.tex
File: pgfcoreobjects.code.tex 2019/02/02 v3.1.1 (3.1.1)
)
(/home/parkinsonjl/soft/texlive/2018/texmf-dist/tex/generic/pgf/basiclayer/pgfc
orepathprocessing.code.tex
File: pgfcorepathprocessing.code.tex 2019/02/02 v3.1.1 (3.1.1)
)
(/home/parkinsonjl/soft/texlive/2018/texmf-dist/tex/generic/pgf/basiclayer/pgfc
orearrows.code.tex
File: pgfcorearrows.code.tex 2019/02/02 v3.1.1 (3.1.1)
\pgfarrowsep=\dimen139
)
(/home/parkinsonjl/soft/texlive/2018/texmf-dist/tex/generic/pgf/basiclayer/pgfc
oreshade.code.tex
File: pgfcoreshade.code.tex 2019/02/02 v3.1.1 (3.1.1)
\pgf@max=\dimen140
\pgf@sys@shading@range@num=\count97
)
(/home/parkinsonjl/soft/texlive/2018/texmf-dist/tex/generic/pgf/basiclayer/pgfc
oreimage.code.tex
File: pgfcoreimage.code.tex 2019/02/02 v3.1.1 (3.1.1)

(/home/parkinsonjl/soft/texlive/2018/texmf-dist/tex/generic/pgf/basiclayer/pgfc
oreexternal.code.tex
File: pgfcoreexternal.code.tex 2019/02/02 v3.1.1 (3.1.1)
\pgfexternal@startupbox=\box32
))
(/home/parkinsonjl/soft/texlive/2018/texmf-dist/tex/generic/pgf/basiclayer/pgfc
orelayers.code.tex
File: pgfcorelayers.code.tex 2019/02/02 v3.1.1 (3.1.1)
)
(/home/parkinsonjl/soft/texlive/2018/texmf-dist/tex/generic/pgf/basiclayer/pgfc
oretransparency.code.tex
File: pgfcoretransparency.code.tex 2019/02/02 v3.1.1 (3.1.1)
)
(/home/parkinsonjl/soft/texlive/2018/texmf-dist/tex/generic/pgf/basiclayer/pgfc
orepatterns.code.tex
File: pgfcorepatterns.code.tex 2019/02/02 v3.1.1 (3.1.1)
)
(/home/parkinsonjl/soft/texlive/2018/texmf-dist/tex/generic/pgf/basiclayer/pgfc
orerdf.code.tex
File: pgfcorerdf.code.tex 2019/02/02 v3.1.1 (3.1.1)
)))
(/home/parkinsonjl/soft/texlive/2018/texmf-dist/tex/generic/pgf/modules/pgfmodu
leshapes.code.tex
File: pgfmoduleshapes.code.tex 2019/02/02 v3.1.1 (3.1.1)
\pgfnodeparttextbox=\box33
)
(/home/parkinsonjl/soft/texlive/2018/texmf-dist/tex/generic/pgf/modules/pgfmodu
leplot.code.tex
File: pgfmoduleplot.code.tex 2019/02/02 v3.1.1 (3.1.1)
)
(/home/parkinsonjl/soft/texlive/2018/texmf-dist/tex/latex/pgf/compatibility/pgf
comp-version-0-65.sty
Package: pgfcomp-version-0-65 2019/02/02 v3.1.1 (3.1.1)
\pgf@nodesepstart=\dimen141
\pgf@nodesepend=\dimen142
)
(/home/parkinsonjl/soft/texlive/2018/texmf-dist/tex/latex/pgf/compatibility/pgf
comp-version-1-18.sty
Package: pgfcomp-version-1-18 2019/02/02 v3.1.1 (3.1.1)
))
(/home/parkinsonjl/soft/texlive/2018/texmf-dist/tex/latex/pgf/utilities/pgffor.
sty
(/home/parkinsonjl/soft/texlive/2018/texmf-dist/tex/latex/pgf/utilities/pgfkeys
.sty
(/home/parkinsonjl/soft/texlive/2018/texmf-dist/tex/generic/pgf/utilities/pgfke
ys.code.tex))
(/home/parkinsonjl/soft/texlive/2018/texmf-dist/tex/latex/pgf/math/pgfmath.sty
(/home/parkinsonjl/soft/texlive/2018/texmf-dist/tex/generic/pgf/math/pgfmath.co
de.tex))
(/home/parkinsonjl/soft/texlive/2018/texmf-dist/tex/generic/pgf/utilities/pgffo
r.code.tex
Package: pgffor 2019/02/02 v3.1.1 (3.1.1)

(/home/parkinsonjl/soft/texlive/2018/texmf-dist/tex/generic/pgf/math/pgfmath.co
de.tex)
\pgffor@iter=\dimen143
\pgffor@skip=\dimen144
\pgffor@stack=\toks26
\pgffor@toks=\toks27
))
(/home/parkinsonjl/soft/texlive/2018/texmf-dist/tex/generic/pgf/frontendlayer/t
ikz/tikz.code.tex
Package: tikz 2019/02/02 v3.1.1 (3.1.1)

(/home/parkinsonjl/soft/texlive/2018/texmf-dist/tex/generic/pgf/libraries/pgfli
braryplothandlers.code.tex
File: pgflibraryplothandlers.code.tex 2019/02/02 v3.1.1 (3.1.1)
\pgf@plot@mark@count=\count98
\pgfplotmarksize=\dimen145
)
\tikz@lastx=\dimen146
\tikz@lasty=\dimen147
\tikz@lastxsaved=\dimen148
\tikz@lastysaved=\dimen149
\tikzleveldistance=\dimen150
\tikzsiblingdistance=\dimen151
\tikz@figbox=\box34
\tikz@figbox@bg=\box35
\tikz@tempbox=\box36
\tikz@tempbox@bg=\box37
\tikztreelevel=\count99
\tikznumberofchildren=\count100
\tikznumberofcurrentchild=\count101
\tikz@fig@count=\count102

(/home/parkinsonjl/soft/texlive/2018/texmf-dist/tex/generic/pgf/modules/pgfmodu
lematrix.code.tex
File: pgfmodulematrix.code.tex 2019/02/02 v3.1.1 (3.1.1)
\pgfmatrixcurrentrow=\count103
\pgfmatrixcurrentcolumn=\count104
\pgf@matrix@numberofcolumns=\count105
)
\tikz@expandcount=\count106

(/home/parkinsonjl/soft/texlive/2018/texmf-dist/tex/generic/pgf/frontendlayer/t
ikz/libraries/tikzlibrarytopaths.code.tex
File: tikzlibrarytopaths.code.tex 2019/02/02 v3.1.1 (3.1.1)
)))
(/home/parkinsonjl/soft/texlive/2018/texmf-dist/tex/generic/pgf/frontendlayer/t
ikz/libraries/tikzlibraryshapes.code.tex
File: tikzlibraryshapes.code.tex 2019/02/02 v3.1.1 (3.1.1)

(/home/parkinsonjl/soft/texlive/2018/texmf-dist/tex/generic/pgf/frontendlayer/t
ikz/libraries/tikzlibraryshapes.geometric.code.tex
File: tikzlibraryshapes.geometric.code.tex 2019/02/02 v3.1.1 (3.1.1)

(/home/parkinsonjl/soft/texlive/2018/texmf-dist/tex/generic/pgf/libraries/shape
s/pgflibraryshapes.geometric.code.tex
File: pgflibraryshapes.geometric.code.tex 2019/02/02 v3.1.1 (3.1.1)
))
(/home/parkinsonjl/soft/texlive/2018/texmf-dist/tex/generic/pgf/frontendlayer/t
ikz/libraries/tikzlibraryshapes.misc.code.tex
File: tikzlibraryshapes.misc.code.tex 2019/02/02 v3.1.1 (3.1.1)

(/home/parkinsonjl/soft/texlive/2018/texmf-dist/tex/generic/pgf/libraries/shape
s/pgflibraryshapes.misc.code.tex
File: pgflibraryshapes.misc.code.tex 2019/02/02 v3.1.1 (3.1.1)
))
(/home/parkinsonjl/soft/texlive/2018/texmf-dist/tex/generic/pgf/frontendlayer/t
ikz/libraries/tikzlibraryshapes.symbols.code.tex
File: tikzlibraryshapes.symbols.code.tex 2019/02/02 v3.1.1 (3.1.1)

(/home/parkinsonjl/soft/texlive/2018/texmf-dist/tex/generic/pgf/libraries/shape
s/pgflibraryshapes.symbols.code.tex
File: pgflibraryshapes.symbols.code.tex 2019/02/02 v3.1.1 (3.1.1)
))
(/home/parkinsonjl/soft/texlive/2018/texmf-dist/tex/generic/pgf/frontendlayer/t
ikz/libraries/tikzlibraryshapes.arrows.code.tex
File: tikzlibraryshapes.arrows.code.tex 2019/02/02 v3.1.1 (3.1.1)

(/home/parkinsonjl/soft/texlive/2018/texmf-dist/tex/generic/pgf/libraries/shape
s/pgflibraryshapes.arrows.code.tex
File: pgflibraryshapes.arrows.code.tex 2019/02/02 v3.1.1 (3.1.1)
))
(/home/parkinsonjl/soft/texlive/2018/texmf-dist/tex/generic/pgf/frontendlayer/t
ikz/libraries/tikzlibraryshapes.callouts.code.tex
(/home/parkinsonjl/soft/texlive/2018/texmf-dist/tex/generic/pgf/libraries/shape
s/pgflibraryshapes.callouts.code.tex))
(/home/parkinsonjl/soft/texlive/2018/texmf-dist/tex/generic/pgf/frontendlayer/t
ikz/libraries/tikzlibraryshapes.multipart.code.tex
File: tikzlibraryshapes.multipart.code.tex 2019/02/02 v3.1.1 (3.1.1)

(/home/parkinsonjl/soft/texlive/2018/texmf-dist/tex/generic/pgf/libraries/shape
s/pgflibraryshapes.multipart.code.tex
File: pgflibraryshapes.multipart.code.tex 2019/02/02 v3.1.1 (3.1.1)
\pgfnodepartlowerbox=\box38
\pgfnodeparttwobox=\box39
\pgfnodepartthreebox=\box40
\pgfnodepartfourbox=\box41
\pgfnodeparttwentybox=\box42
\pgfnodepartnineteenbox=\box43
\pgfnodeparteighteenbox=\box44
\pgfnodepartseventeenbox=\box45
\pgfnodepartsixteenbox=\box46
\pgfnodepartfifteenbox=\box47
\pgfnodepartfourteenbox=\box48
\pgfnodepartthirteenbox=\box49
\pgfnodeparttwelvebox=\box50
\pgfnodepartelevenbox=\box51
\pgfnodeparttenbox=\box52
\pgfnodepartninebox=\box53
\pgfnodeparteightbox=\box54
\pgfnodepartsevenbox=\box55
\pgfnodepartsixbox=\box56
\pgfnodepartfivebox=\box57
)))
(/home/parkinsonjl/soft/texlive/2018/texmf-dist/tex/generic/pgf/frontendlayer/t
ikz/libraries/tikzlibrarydecorations.code.tex
(/home/parkinsonjl/soft/texlive/2018/texmf-dist/tex/generic/pgf/modules/pgfmodu
ledecorations.code.tex
\pgfdecoratedcompleteddistance=\dimen152
\pgfdecoratedremainingdistance=\dimen153
\pgfdecoratedinputsegmentcompleteddistance=\dimen154
\pgfdecoratedinputsegmentremainingdistance=\dimen155
\pgf@decorate@distancetomove=\dimen156
\pgf@decorate@repeatstate=\count107
\pgfdecorationsegmentamplitude=\dimen157
\pgfdecorationsegmentlength=\dimen158
)
\tikz@lib@dec@box=\box58
)
(/home/parkinsonjl/soft/texlive/2018/texmf-dist/tex/generic/pgf/frontendlayer/t
ikz/libraries/tikzlibraryshadows.code.tex
File: tikzlibraryshadows.code.tex 2019/02/02 v3.1.1 (3.1.1)

(/home/parkinsonjl/soft/texlive/2018/texmf-dist/tex/generic/pgf/frontendlayer/t
ikz/libraries/tikzlibraryfadings.code.tex
File: tikzlibraryfadings.code.tex 2019/02/02 v3.1.1 (3.1.1)

(/home/parkinsonjl/soft/texlive/2018/texmf-dist/tex/generic/pgf/libraries/pgfli
braryfadings.code.tex
File: pgflibraryfadings.code.tex 2019/02/02 v3.1.1 (3.1.1)
)))
(/home/parkinsonjl/soft/texlive/2018/texmf-dist/tex/generic/pgf/frontendlayer/t
ikz/libraries/tikzlibrarybackgrounds.code.tex
File: tikzlibrarybackgrounds.code.tex 2019/02/02 v3.1.1 (3.1.1)
\pgf@layerbox@background=\box59
\pgf@layerboxsaved@background=\box60
)
(/home/parkinsonjl/soft/texlive/2018/texmf-dist/tex/generic/pgf/frontendlayer/t
ikz/libraries/tikzlibrarycalc.code.tex
File: tikzlibrarycalc.code.tex 2019/02/02 v3.1.1 (3.1.1)
)
(/home/parkinsonjl/soft/texlive/2018/texmf-dist/tex/generic/pgf/frontendlayer/t
ikz/libraries/tikzlibraryfit.code.tex
File: tikzlibraryfit.code.tex 2019/02/02 v3.1.1 (3.1.1)
)
(/home/parkinsonjl/soft/texlive/2018/texmf-dist/tex/generic/pgf/frontendlayer/t
ikz/libraries/tikzlibrarydecorations.pathmorphing.code.tex
(/home/parkinsonjl/soft/texlive/2018/texmf-dist/tex/generic/pgf/libraries/decor
ations/pgflibrarydecorations.pathmorphing.code.tex))
(/home/parkinsonjl/soft/texlive/2018/texmf-dist/tex/generic/pgf/libraries/pgfli
braryarrows.code.tex
File: pgflibraryarrows.code.tex 2019/02/02 v3.1.1 (3.1.1)
\arrowsize=\dimen159
)
\TP@innermargin=\dimen160
\TP@visibletextwidth=\dimen161
\TP@visibletextheight=\dimen162
\TP@titlewidth=\dimen163
\titlewidth=\dimen164
\TP@titlelinewidth=\dimen165
\titlelinewidth=\dimen166
\titleinnersep=\dimen167
\TP@titleinnersep=\dimen168
\TP@titletotopverticalspace=\dimen169
\titletotopverticalspace=\dimen170
\TP@titletoblockverticalspace=\dimen171
\TP@titleheight=\dimen172
\titleheight=\dimen173
\titlegraphicheight=\dimen174
\titleposleft=\dimen175
\titleposright=\dimen176
\titlepostop=\dimen177
\titleposbottom=\dimen178
\TP@titlegraphictotitledistance=\dimen179
\TP@colspace=\dimen180
\TP@coltop=\dimen181
\TP@colbottom=\dimen182
\TP@colcenter=\dimen183
\colwidth=\dimen184
\TP@subcolspace=\dimen185
\TP@subcoltop=\dimen186
\TP@subcolbottom=\dimen187
\TP@subcolcenter=\dimen188
\subcolwidth=\dimen189
\TP@blockverticalspace=\dimen190
\TP@blockcenter=\dimen191
\TP@blocktitleinnersep=\dimen192
\blocktitleinnersep=\dimen193
\TP@blockbodyinnersep=\dimen194
\blockbodyinnersep=\dimen195
\TP@blocktitlebox=\box61
\TP@blockbodybox=\box62
\TP@blocktitlewidth=\dimen196
\TP@blockbodywidth=\dimen197
\TP@blockbodyheight=\dimen198
\TP@blocktitleheight=\dimen199
\TP@blocktop=\dimen256
\TP@blocktitleoffsetx=\dimen257
\TP@blocktitleoffsety=\dimen258
\TP@blockbodyoffsetx=\dimen259
\TP@blockbodyoffsety=\dimen260
\TP@blockbodyverticalshift=\dimen261
\blocklinewidth=\dimen262
\TP@innerblockcenter=\dimen263
\TP@innerblocktitleinnersep=\dimen264
\innerblocktitleinnersep=\dimen265
\TP@innerblockbodyinnersep=\dimen266
\innerblockbodyinnersep=\dimen267
\TP@innerblocktitlebox=\box63
\TP@innerblockbodybox=\box64
\TP@innerblocktitlewidth=\dimen268
\TP@innerblockbodywidth=\dimen269
\TP@innerblockbodyheight=\dimen270
\TP@innerblocktitleheight=\dimen271
\TP@innerblocktitleoffsetx=\dimen272
\TP@innerblocktitleoffsety=\dimen273
\TP@innerblockbodyoffsetx=\dimen274
\TP@innerblockbodyoffsety=\dimen275
\TP@innerblockbodyverticalshift=\dimen276
\innerblocklinewidth=\dimen277
\TP@coloredbox=\box65
\TP@coloredboxwidth=\dimen278
\TP@coloredboxlinewidth=\dimen279
\TP@coloredboxinnersep=\dimen280
\TP@coloredboxheight=\dimen281
\TP@noteinnersep=\dimen282
\noteinnersep=\dimen283
\TP@notetargetoffsetx=\dimen284
\TP@notetargetoffsety=\dimen285
\TP@noteradius=\dimen286
\TP@notewidth=\dimen287
\TP@noteheight=\dimen288
\TP@notebox=\box66
\notelinewidth=\dimen289


Package tikzposter Warning: Unknown Option 24pt. on input line 204.


(/home/parkinsonjl/soft/texlive/2018/texmf-dist/tex/latex/extsizes/extarticle.c
ls
Document Class: extarticle 1996/10/08 v1.0 Non Standard LaTeX document class
(/home/parkinsonjl/soft/texlive/2018/texmf-dist/tex/latex/base/size10.clo
File: size10.clo 2018/09/03 v1.4i Standard LaTeX file (size option)
)
(/home/parkinsonjl/soft/texlive/2018/texmf-dist/tex/latex/base/exscale.sty
Package: exscale 2018/09/24 v2.1i Standard LaTeX package exscale
LaTeX Font Info:    Redeclaring symbol font `largesymbols' on input line 57.
LaTeX Font Info:    Overwriting symbol font `largesymbols' in version `normal'
(Font)                  OMX/cmex/m/n --> OMX/cmex/m/n on input line 57.
LaTeX Font Info:    Overwriting symbol font `largesymbols' in version `bold'
(Font)                  OMX/cmex/m/n --> OMX/cmex/m/n on input line 57.
\big@size=\dimen290
)
\c@part=\count108
\c@section=\count109
\c@subsection=\count110
\c@subsubsection=\count111
\c@paragraph=\count112
\c@subparagraph=\count113
\c@figure=\count114
\c@table=\count115
\abovecaptionskip=\skip44
\belowcaptionskip=\skip45
\bibindent=\dimen291
)
(/home/parkinsonjl/soft/texlive/2018/texmf-dist/tex/latex/geometry/geometry.sty
Package: geometry 2018/04/16 v5.8 Page Geometry
(/home/parkinsonjl/soft/texlive/2018/texmf-dist/tex/generic/oberdiek/ifpdf.sty
Package: ifpdf 2018/09/07 v3.3 Provides the ifpdf switch
)
(/home/parkinsonjl/soft/texlive/2018/texmf-dist/tex/generic/oberdiek/ifvtex.sty
Package: ifvtex 2016/05/16 v1.6 Detect VTeX and its facilities (HO)
Package ifvtex Info: VTeX not detected.
)
(/home/parkinsonjl/soft/texlive/2018/texmf-dist/tex/generic/ifxetex/ifxetex.sty
Package: ifxetex 2010/09/12 v0.6 Provides ifxetex conditional
)
\Gm@cnth=\count116
\Gm@cntv=\count117
\c@Gm@tempcnt=\count118
\Gm@bindingoffset=\dimen292
\Gm@wd@mp=\dimen293
\Gm@odd@mp=\dimen294
\Gm@even@mp=\dimen295
\Gm@layoutwidth=\dimen296
\Gm@layoutheight=\dimen297
\Gm@layouthoffset=\dimen298
\Gm@layoutvoffset=\dimen299
\Gm@dimlist=\toks28
)
(/home/parkinsonjl/soft/texlive/2018/texmf-dist/tex/latex/a0poster/a0size.sty
File: a0size.sty 2004/01/31 v1.22b a0poster class (GK, MW)
LaTeX Font Info:    Redeclaring symbol font `largesymbols' on input line 229.
LaTeX Font Info:    Overwriting symbol font `largesymbols' in version `normal'
(Font)                  OMX/cmex/m/n --> OMX/cmex/m/n on input line 229.
LaTeX Font Info:    Overwriting symbol font `largesymbols' in version `bold'
(Font)                  OMX/cmex/m/n --> OMX/cmex/m/n on input line 229.
\big@size=\dimen300
)
\pgf@layerbox@backgroundlayer=\box67
\pgf@layerboxsaved@backgroundlayer=\box68
\pgf@layerbox@notelayer=\box69
\pgf@layerboxsaved@notelayer=\box70

(/home/parkinsonjl/soft/texlive/2018/texmf-dist/tex/latex/tikzposter/tikzposter
Colorpalettes.tex)
(/home/parkinsonjl/soft/texlive/2018/texmf-dist/tex/latex/tikzposter/tikzposter
Colorstyles.tex)
(/home/parkinsonjl/soft/texlive/2018/texmf-dist/tex/latex/tikzposter/tikzposter
Backgroundstyles.tex)
(/home/parkinsonjl/soft/texlive/2018/texmf-dist/tex/latex/tikzposter/tikzposter
Titlestyles.tex)
(/home/parkinsonjl/soft/texlive/2018/texmf-dist/tex/latex/tikzposter/tikzposter
Blockstyles.tex)
(/home/parkinsonjl/soft/texlive/2018/texmf-dist/tex/latex/tikzposter/tikzposter
Innerblockstyles.tex)
(/home/parkinsonjl/soft/texlive/2018/texmf-dist/tex/latex/tikzposter/tikzposter
Notestyles.tex)
(/home/parkinsonjl/soft/texlive/2018/texmf-dist/tex/latex/tikzposter/tikzposter
Layoutthemes.tex)
\c@figurecounter=\count119
)
(/home/parkinsonjl/soft/texlive/2018/texmf-dist/tex/latex/biblatex/biblatex.sty
Package: biblatex 2018/11/02 v3.12 programmable bibliographies (PK/MW)

(/home/parkinsonjl/soft/texlive/2018/texmf-dist/tex/generic/oberdiek/pdftexcmds
.sty
Package: pdftexcmds 2018/09/10 v0.29 Utility functions of pdfTeX for LuaTeX (HO
)

(/home/parkinsonjl/soft/texlive/2018/texmf-dist/tex/generic/oberdiek/infwarerr.
sty
Package: infwarerr 2016/05/16 v1.4 Providing info/warning/error messages (HO)
)
(/home/parkinsonjl/soft/texlive/2018/texmf-dist/tex/generic/oberdiek/ifluatex.s
ty
Package: ifluatex 2016/05/16 v1.4 Provides the ifluatex switch (HO)
Package ifluatex Info: LuaTeX not detected.
)
(/home/parkinsonjl/soft/texlive/2018/texmf-dist/tex/generic/oberdiek/ltxcmds.st
y
Package: ltxcmds 2016/05/16 v1.23 LaTeX kernel commands for general use (HO)
)
Package pdftexcmds Info: LuaTeX not detected.
Package pdftexcmds Info: \pdf@primitive is available.
Package pdftexcmds Info: \pdf@ifprimitive is available.
Package pdftexcmds Info: \pdfdraftmode found.
)
(/home/parkinsonjl/soft/texlive/2018/texmf-dist/tex/latex/oberdiek/kvoptions.st
y
Package: kvoptions 2016/05/16 v3.12 Key value format for package options (HO)

(/home/parkinsonjl/soft/texlive/2018/texmf-dist/tex/generic/oberdiek/kvsetkeys.
sty
Package: kvsetkeys 2016/05/16 v1.17 Key value parser (HO)

(/home/parkinsonjl/soft/texlive/2018/texmf-dist/tex/generic/oberdiek/etexcmds.s
ty
Package: etexcmds 2016/05/16 v1.6 Avoid name clashes with e-TeX commands (HO)
Package etexcmds Info: Could not find \expanded.
(etexcmds)             That can mean that you are not using pdfTeX 1.50 or
(etexcmds)             that some package has redefined \expanded.
(etexcmds)             In the latter case, load this package earlier.
)))
(/home/parkinsonjl/soft/texlive/2018/texmf-dist/tex/latex/logreq/logreq.sty
Package: logreq 2010/08/04 v1.0 xml request logger
\lrq@indent=\count120

(/home/parkinsonjl/soft/texlive/2018/texmf-dist/tex/latex/logreq/logreq.def
File: logreq.def 2010/08/04 v1.0 logreq spec v1.0
))
(/home/parkinsonjl/soft/texlive/2018/texmf-dist/tex/latex/url/url.sty
\Urlmuskip=\muskip10
Package: url 2013/09/16  ver 3.4  Verb mode for urls, etc.
)
\c@tabx@nest=\count121
\c@listtotal=\count122
\c@listcount=\count123
\c@liststart=\count124
\c@liststop=\count125
\c@citecount=\count126
\c@citetotal=\count127
\c@multicitecount=\count128
\c@multicitetotal=\count129
\c@instcount=\count130
\c@maxnames=\count131
\c@minnames=\count132
\c@maxitems=\count133
\c@minitems=\count134
\c@citecounter=\count135
\c@maxcitecounter=\count136
\c@savedcitecounter=\count137
\c@uniquelist=\count138
\c@uniquename=\count139
\c@refsection=\count140
\c@refsegment=\count141
\c@maxextratitle=\count142
\c@maxextratitleyear=\count143
\c@maxextraname=\count144
\c@maxextradate=\count145
\c@maxextraalpha=\count146
\c@abbrvpenalty=\count147
\c@highnamepenalty=\count148
\c@lownamepenalty=\count149
\c@maxparens=\count150
\c@parenlevel=\count151
\blx@tempcnta=\count152
\blx@tempcntb=\count153
\blx@tempcntc=\count154
\blx@maxsection=\count155
\blx@maxsegment@0=\count156
\blx@notetype=\count157
\blx@parenlevel@text=\count158
\blx@parenlevel@foot=\count159
\blx@sectionciteorder@0=\count160
\blx@entrysetcounter=\count161
\labelnumberwidth=\skip46
\labelalphawidth=\skip47
\biblabelsep=\skip48
\bibitemsep=\skip49
\bibnamesep=\skip50
\bibinitsep=\skip51
\bibparsep=\skip52
\bibhang=\skip53
\blx@bcfin=\read2
\blx@bcfout=\write4
\c@mincomprange=\count162
\c@maxcomprange=\count163
\c@mincompwidth=\count164
Package biblatex Info: Trying to load biblatex default data model...
Package biblatex Info: ... file 'blx-dm.def' found.

(/home/parkinsonjl/soft/texlive/2018/texmf-dist/tex/latex/biblatex/blx-dm.def
File: blx-dm.def 2018/11/02 v3.12 biblatex localization (PK/MW)
)
Package biblatex Info: Trying to load biblatex custom data model...
Package biblatex Info: ... file 'biblatex-dm.cfg' not found.
\c@afterword=\count165
\c@savedafterword=\count166
\c@annotator=\count167
\c@savedannotator=\count168
\c@author=\count169
\c@savedauthor=\count170
\c@bookauthor=\count171
\c@savedbookauthor=\count172
\c@commentator=\count173
\c@savedcommentator=\count174
\c@editor=\count175
\c@savededitor=\count176
\c@editora=\count177
\c@savededitora=\count178
\c@editorb=\count179
\c@savededitorb=\count180
\c@editorc=\count181
\c@savededitorc=\count182
\c@foreword=\count183
\c@savedforeword=\count184
\c@holder=\count185
\c@savedholder=\count186
\c@introduction=\count187
\c@savedintroduction=\count188
\c@namea=\count189
\c@savednamea=\count190
\c@nameb=\count191
\c@savednameb=\count192
\c@namec=\count193
\c@savednamec=\count194
\c@translator=\count195
\c@savedtranslator=\count196
\c@shortauthor=\count197
\c@savedshortauthor=\count198
\c@shorteditor=\count199
\c@savedshorteditor=\count266
\c@labelname=\count267
\c@savedlabelname=\count268
\c@institution=\count269
\c@savedinstitution=\count270
\c@lista=\count271
\c@savedlista=\count272
\c@listb=\count273
\c@savedlistb=\count274
\c@listc=\count275
\c@savedlistc=\count276
\c@listd=\count277
\c@savedlistd=\count278
\c@liste=\count279
\c@savedliste=\count280
\c@listf=\count281
\c@savedlistf=\count282
\c@location=\count283
\c@savedlocation=\count284
\c@organization=\count285
\c@savedorganization=\count286
\c@origlocation=\count287
\c@savedoriglocation=\count288
\c@origpublisher=\count289
\c@savedorigpublisher=\count290
\c@publisher=\count291
\c@savedpublisher=\count292
\c@language=\count293
\c@savedlanguage=\count294
\c@origlanguage=\count295
\c@savedoriglanguage=\count296
\c@pageref=\count297
\c@savedpageref=\count298
\shorthandwidth=\skip54
\shortjournalwidth=\skip55
\shortserieswidth=\skip56
\shorttitlewidth=\skip57
\shortauthorwidth=\skip58
\shorteditorwidth=\skip59
\locallabelnumberwidth=\skip60
\locallabelalphawidth=\skip61
\localshorthandwidth=\skip62
\localshortjournalwidth=\skip63
\localshortserieswidth=\skip64
\localshorttitlewidth=\skip65
\localshortauthorwidth=\skip66
\localshorteditorwidth=\skip67
Package biblatex Info: Trying to load compatibility code...
Package biblatex Info: ... file 'blx-compat.def' found.

(/home/parkinsonjl/soft/texlive/2018/texmf-dist/tex/latex/biblatex/blx-compat.d
ef
File: blx-compat.def 2018/11/02 v3.12 biblatex compatibility (PK/MW)
)
Package biblatex Info: Trying to load BibTeX backend compatibility...
Package biblatex Info: ... file 'blx-bibtex.def' found.

(/home/parkinsonjl/soft/texlive/2018/texmf-dist/tex/latex/biblatex/blx-bibtex.d
ef
File: blx-bibtex.def 2018/11/02 v3.12 biblatex compatibility (PK/MW)


Package biblatex Warning: Using fall-back BibTeX(8) backend:
(biblatex)                functionality may be reduced/unavailable.

)
Package biblatex Info: Trying to load generic definitions...
Package biblatex Info: ... file 'biblatex.def' found.

(/home/parkinsonjl/soft/texlive/2018/texmf-dist/tex/latex/biblatex/biblatex.def
File: biblatex.def 2018/11/02 v3.12 biblatex compatibility (PK/MW)
\c@textcitecount=\count299
\c@textcitetotal=\count300
\c@textcitemaxnames=\count301
\c@biburlnumpenalty=\count302
\c@biburlucpenalty=\count303
\c@biburllcpenalty=\count304
\c@smartand=\count305
)
Package biblatex Info: Trying to load bibliography style 'numeric'...
Package biblatex Info: ... file 'numeric.bbx' found.

(/home/parkinsonjl/soft/texlive/2018/texmf-dist/tex/latex/biblatex/bbx/numeric.
bbx
File: numeric.bbx 2018/11/02 v3.12 biblatex bibliography style (PK/MW)
Package biblatex Info: Trying to load bibliography style 'standard'...
Package biblatex Info: ... file 'standard.bbx' found.

(/home/parkinsonjl/soft/texlive/2018/texmf-dist/tex/latex/biblatex/bbx/standard
.bbx
File: standard.bbx 2018/11/02 v3.12 biblatex bibliography style (PK/MW)
\c@bbx:relatedcount=\count306
\c@bbx:relatedtotal=\count307
))
Package biblatex Info: Trying to load citation style 'numeric'...
Package biblatex Info: ... file 'numeric.cbx' found.

(/home/parkinsonjl/soft/texlive/2018/texmf-dist/tex/latex/biblatex/cbx/numeric.
cbx
File: numeric.cbx 2018/11/02 v3.12 biblatex citation style (PK/MW)
Package biblatex Info: Redefining '\cite'.
Package biblatex Info: Redefining '\parencite'.
Package biblatex Info: Redefining '\footcite'.
Package biblatex Info: Redefining '\footcitetext'.
Package biblatex Info: Redefining '\smartcite'.
Package biblatex Info: Redefining '\supercite'.
Package biblatex Info: Redefining '\textcite'.
Package biblatex Info: Redefining '\textcites'.
Package biblatex Info: Redefining '\cites'.
Package biblatex Info: Redefining '\parencites'.
Package biblatex Info: Redefining '\smartcites'.
)
Package biblatex Info: Trying to load configuration file...
Package biblatex Info: ... file 'biblatex.cfg' found.

(/home/parkinsonjl/soft/texlive/2018/texmf-dist/tex/latex/biblatex/biblatex.cfg
File: biblatex.cfg 
))
(/home/parkinsonjl/soft/texlive/2018/texmf-dist/tex/latex/changepage/changepage
.sty
Package: changepage 2009/10/20 v1.0c check page and change page layout
\c@cp@cntr=\count308
\cp@tempcnt=\count309
)
(/home/parkinsonjl/soft/texlive/2018/texmf-dist/tex/latex/hyphenat/hyphenat.sty
Package: hyphenat 2009/09/02 v2.3c hyphenation utilities
\langwohyphens=\language85
LaTeX Info: Redefining \_ on input line 43.
)
(/home/parkinsonjl/soft/texlive/2018/texmf-dist/tex/latex/calculator/calculator
.sty
Package: calculator 2014/02/20 v.2.0
\cctr@lengtha=\dimen301
\cctr@lengthb=\dimen302
\cctr@epsilon=\dimen303
)
(/home/parkinsonjl/soft/texlive/2018/texmf-dist/tex/latex/tools/verbatim.sty
Package: verbatim 2014/10/28 v1.5q LaTeX2e package for verbatim enhancements
\every@verbatim=\toks29
\verbatim@line=\toks30
\verbatim@in@stream=\read3
)
\@input{headerMaths.aux}
\openout2 = `headerMaths.aux'.

(./headerMaths.tex
(/home/parkinsonjl/soft/texlive/2018/texmf-dist/tex/latex/amsfonts/amssymb.sty
Package: amssymb 2013/01/14 v3.01 AMS font symbols

(/home/parkinsonjl/soft/texlive/2018/texmf-dist/tex/latex/amsfonts/amsfonts.sty
Package: amsfonts 2013/01/14 v3.01 Basic AMSFonts support
\@emptytoks=\toks31
\symAMSa=\mathgroup4
\symAMSb=\mathgroup5
LaTeX Font Info:    Overwriting math alphabet `\mathfrak' in version `bold'
(Font)                  U/euf/m/n --> U/euf/b/n on input line 106.
))
(/home/parkinsonjl/soft/texlive/2018/texmf-dist/tex/latex/amsmath/amsmath.sty
Package: amsmath 2018/12/01 v2.17b AMS math features
\@mathmargin=\skip68

For additional information on amsmath, use the `?' option.
(/home/parkinsonjl/soft/texlive/2018/texmf-dist/tex/latex/amsmath/amstext.sty
Package: amstext 2000/06/29 v2.01 AMS text

(/home/parkinsonjl/soft/texlive/2018/texmf-dist/tex/latex/amsmath/amsgen.sty
File: amsgen.sty 1999/11/30 v2.0 generic functions
\@emptytoks=\toks32
\ex@=\dimen304
))
(/home/parkinsonjl/soft/texlive/2018/texmf-dist/tex/latex/amsmath/amsbsy.sty
Package: amsbsy 1999/11/29 v1.2d Bold Symbols
\pmbraise@=\dimen305
)
(/home/parkinsonjl/soft/texlive/2018/texmf-dist/tex/latex/amsmath/amsopn.sty
Package: amsopn 2016/03/08 v2.02 operator names
)
\inf@bad=\count310
LaTeX Info: Redefining \frac on input line 223.
\uproot@=\count311
\leftroot@=\count312
LaTeX Info: Redefining \overline on input line 385.
\classnum@=\count313
\DOTSCASE@=\count314
LaTeX Info: Redefining \ldots on input line 482.
LaTeX Info: Redefining \dots on input line 485.
LaTeX Info: Redefining \cdots on input line 606.
\Mathstrutbox@=\box71
\strutbox@=\box72
\big@size=\dimen306
LaTeX Font Info:    Redeclaring font encoding OML on input line 729.
LaTeX Font Info:    Redeclaring font encoding OMS on input line 730.
\macc@depth=\count315
\c@MaxMatrixCols=\count316
\dotsspace@=\muskip11
\c@parentequation=\count317
\dspbrk@lvl=\count318
\tag@help=\toks33
\row@=\count319
\column@=\count320
\maxfields@=\count321
\andhelp@=\toks34
\eqnshift@=\dimen307
\alignsep@=\dimen308
\tagshift@=\dimen309
\tagwidth@=\dimen310
\totwidth@=\dimen311
\lineht@=\dimen312
\@envbody=\toks35
\multlinegap=\skip69
\multlinetaggap=\skip70
\mathdisplay@stack=\toks36
LaTeX Info: Redefining \[ on input line 2844.
LaTeX Info: Redefining \] on input line 2845.
)
(/home/parkinsonjl/soft/texlive/2018/texmf-dist/tex/latex/jknapltx/mathrsfs.sty
Package: mathrsfs 1996/01/01 Math RSFS package v1.0 (jk)
\symrsfs=\mathgroup6
) (/home/parkinsonjl/soft/texlive/2018/texmf-dist/tex/latex/tools/bm.sty
Package: bm 2017/01/16 v1.2c Bold Symbol Support (DPC/FMi)
\symboldoperators=\mathgroup7
\symboldletters=\mathgroup8
\symboldsymbols=\mathgroup9
LaTeX Font Info:    Redeclaring math alphabet \mathbf on input line 141.
LaTeX Info: Redefining \bm on input line 207.
)
(/home/parkinsonjl/soft/texlive/2018/texmf-dist/tex/latex/mathtools/mathtools.s
ty
Package: mathtools 2018/01/08 v1.21 mathematical typesetting tools

(/home/parkinsonjl/soft/texlive/2018/texmf-dist/tex/latex/mathtools/mhsetup.sty
Package: mhsetup 2017/03/31 v1.3 programming setup (MH)
)
LaTeX Info: Thecontrolsequence`\('isalreadyrobust on input line 129.
LaTeX Info: Thecontrolsequence`\)'isalreadyrobust on input line 129.
LaTeX Info: Thecontrolsequence`\['isalreadyrobust on input line 129.
LaTeX Info: Thecontrolsequence`\]'isalreadyrobust on input line 129.
\g_MT_multlinerow_int=\count322
\l_MT_multwidth_dim=\dimen313
\origjot=\skip71
\l_MT_shortvdotswithinadjustabove_dim=\dimen314
\l_MT_shortvdotswithinadjustbelow_dim=\dimen315
\l_MT_above_intertext_sep=\dimen316
\l_MT_below_intertext_sep=\dimen317
\l_MT_above_shortintertext_sep=\dimen318
\l_MT_below_shortintertext_sep=\dimen319
) (/home/parkinsonjl/soft/texlive/2018/texmf-dist/tex/latex/cancel/cancel.sty
Package: cancel 2013/04/12 v2.2 Cancel math terms
)) (/home/parkinsonjl/soft/texlive/2018/texmf-dist/tex/latex/tools/array.sty
Package: array 2018/12/30 v2.4k Tabular extension package (FMi)
\col@sep=\dimen320
\ar@mcellbox=\box73
\extrarowheight=\dimen321
\NC@list=\toks37
\extratabsurround=\skip72
\backup@length=\skip73
\ar@cellbox=\box74
)
(/home/parkinsonjl/soft/texlive/2018/texmf-dist/tex/latex/preprint/authblk.sty
Package: authblk 2001/02/27 1.3 (PWD)
\affilsep=\skip74
\@affilsep=\skip75
\c@Maxaffil=\count323
\c@authors=\count324
\c@affil=\count325
)
(/home/parkinsonjl/soft/texlive/2018/texmf-dist/tex/latex/enumitem/enumitem.sty
Package: enumitem 2019/02/04 v3.8 Customized lists
\enitkv@toks@=\toks38
\labelindent=\skip76
\enit@outerparindent=\dimen322
\enit@toks=\toks39
\enit@inbox=\box75
\enit@count@id=\count326
\enitdp@description=\count327
)
(/home/parkinsonjl/soft/texlive/2018/texmf-dist/tex/latex/caption/subcaption.st
y
Package: subcaption 2018/05/01 v1.1-162 Sub-captions (AR)
 (/home/parkinsonjl/soft/texlive/2018/texmf-dist/tex/latex/caption/caption.sty
Package: caption 2018/10/06 v3.3-154 Customizing captions (AR)
(/home/parkinsonjl/soft/texlive/2018/texmf-dist/tex/latex/caption/caption3.sty
Package: caption3 2018/09/12 v1.8c caption3 kernel (AR)
Package caption3 Info: TeX engine: e-TeX on input line 64.
\captionmargin=\dimen323
\captionmargin@=\dimen324
\captionwidth=\dimen325
\caption@tempdima=\dimen326
\caption@indent=\dimen327
\caption@parindent=\dimen328
\caption@hangindent=\dimen329
)
\c@caption@flags=\count328
\c@ContinuedFloat=\count329
)
\c@subfigure=\count330
\c@subtable=\count331
)
(/home/parkinsonjl/soft/texlive/2018/texmf-dist/tex/latex/pgfplots/pgfplots.sty

(/home/parkinsonjl/soft/texlive/2018/texmf-dist/tex/generic/pgfplots/pgfplots.r
evision.tex)
Package: pgfplots 2018/03/28 v1.16 Data Visualization (1.16)

(/home/parkinsonjl/soft/texlive/2018/texmf-dist/tex/generic/pgfplots/pgfplots.c
ode.tex
(/home/parkinsonjl/soft/texlive/2018/texmf-dist/tex/generic/pgfplots/pgfplotsco
re.code.tex
\t@pgfplots@toka=\toks40
\t@pgfplots@tokb=\toks41
\t@pgfplots@tokc=\toks42
\pgfplots@tmpa=\dimen330
\c@pgfplots@coordindex=\count332
\c@pgfplots@scanlineindex=\count333

(/home/parkinsonjl/soft/texlive/2018/texmf-dist/tex/generic/pgfplots/sys/pgfplo
tssysgeneric.code.tex))
(/home/parkinsonjl/soft/texlive/2018/texmf-dist/tex/generic/pgfplots/libs/pgfpl
otslibrary.code.tex)
(/home/parkinsonjl/soft/texlive/2018/texmf-dist/tex/generic/pgfplots/oldpgfcomp
atib/pgfplotsoldpgfsupp_loader.code.tex
(/home/parkinsonjl/soft/texlive/2018/texmf-dist/tex/generic/pgf/libraries/pgfli
braryfpu.code.tex)
Package pgfplots: loading complementary arithmetics for your pgf version...

(/home/parkinsonjl/soft/texlive/2018/texmf-dist/tex/generic/pgfplots/oldpgfcomp
atib/pgfplotsoldpgfsupp_pgflibraryfpu.code.tex)
(/home/parkinsonjl/soft/texlive/2018/texmf-dist/tex/generic/pgfplots/oldpgfcomp
atib/pgfplotsoldpgfsupp_pgfmathfloat.code.tex
\c@pgfmathroundto@lastzeros=\count334
))
(/home/parkinsonjl/soft/texlive/2018/texmf-dist/tex/generic/pgfplots/util/pgfpl
otsutil.code.tex
(/home/parkinsonjl/soft/texlive/2018/texmf-dist/tex/generic/pgfplots/liststruct
ure/pgfplotsliststructure.code.tex)
(/home/parkinsonjl/soft/texlive/2018/texmf-dist/tex/generic/pgfplots/liststruct
ure/pgfplotsliststructureext.code.tex)
(/home/parkinsonjl/soft/texlive/2018/texmf-dist/tex/generic/pgfplots/liststruct
ure/pgfplotsarray.code.tex
\c@pgfplotsarray@tmp=\count335
)
(/home/parkinsonjl/soft/texlive/2018/texmf-dist/tex/generic/pgfplots/liststruct
ure/pgfplotsmatrix.code.tex)
(/home/parkinsonjl/soft/texlive/2018/texmf-dist/tex/generic/pgfplots/numtable/p
gfplotstableshared.code.tex
\c@pgfplotstable@counta=\count336
\t@pgfplotstable@a=\toks43
)
(/home/parkinsonjl/soft/texlive/2018/texmf-dist/tex/generic/pgfplots/liststruct
ure/pgfplotsdeque.code.tex)
(/home/parkinsonjl/soft/texlive/2018/texmf-dist/tex/generic/pgfplots/util/pgfpl
otsbinary.code.tex
(/home/parkinsonjl/soft/texlive/2018/texmf-dist/tex/generic/pgfplots/util/pgfpl
otsbinary.data.code.tex))
(/home/parkinsonjl/soft/texlive/2018/texmf-dist/tex/generic/pgfplots/util/pgfpl
otsutil.verb.code.tex)
(/home/parkinsonjl/soft/texlive/2018/texmf-dist/tex/generic/pgfplots/libs/pgfli
brarypgfplots.surfshading.code.tex
\c@pgfplotslibrarysurf@no=\count337

(/home/parkinsonjl/soft/texlive/2018/texmf-dist/tex/generic/pgfplots/sys/pgflib
rarypgfplots.surfshading.pgfsys-pdftex.def)))
(/home/parkinsonjl/soft/texlive/2018/texmf-dist/tex/generic/pgfplots/util/pgfpl
otscolormap.code.tex
(/home/parkinsonjl/soft/texlive/2018/texmf-dist/tex/generic/pgfplots/util/pgfpl
otscolor.code.tex))
(/home/parkinsonjl/soft/texlive/2018/texmf-dist/tex/generic/pgfplots/pgfplotsst
ackedplots.code.tex)
(/home/parkinsonjl/soft/texlive/2018/texmf-dist/tex/generic/pgfplots/pgfplotspl
othandlers.code.tex
(/home/parkinsonjl/soft/texlive/2018/texmf-dist/tex/generic/pgfplots/pgfplotsme
shplothandler.code.tex
(/home/parkinsonjl/soft/texlive/2018/texmf-dist/tex/generic/pgfplots/pgfplotsme
shplotimage.code.tex)))
(/home/parkinsonjl/soft/texlive/2018/texmf-dist/tex/generic/pgfplots/pgfplots.s
caling.code.tex)
(/home/parkinsonjl/soft/texlive/2018/texmf-dist/tex/generic/pgfplots/pgfplotsco
ordprocessing.code.tex)
(/home/parkinsonjl/soft/texlive/2018/texmf-dist/tex/generic/pgfplots/pgfplots.e
rrorbars.code.tex)
(/home/parkinsonjl/soft/texlive/2018/texmf-dist/tex/generic/pgfplots/pgfplots.m
arkers.code.tex)
(/home/parkinsonjl/soft/texlive/2018/texmf-dist/tex/generic/pgfplots/pgfplotsti
cks.code.tex)
(/home/parkinsonjl/soft/texlive/2018/texmf-dist/tex/generic/pgfplots/pgfplots.p
aths.code.tex)
(/home/parkinsonjl/soft/texlive/2018/texmf-dist/tex/generic/pgf/frontendlayer/t
ikz/libraries/tikzlibrarydecorations.pathreplacing.code.tex
(/home/parkinsonjl/soft/texlive/2018/texmf-dist/tex/generic/pgf/libraries/decor
ations/pgflibrarydecorations.pathreplacing.code.tex))
\pgfplots@numplots=\count338
\pgfplots@xmin@reg=\dimen331
\pgfplots@xmax@reg=\dimen332
\pgfplots@ymin@reg=\dimen333
\pgfplots@ymax@reg=\dimen334
\pgfplots@zmin@reg=\dimen335
\pgfplots@zmax@reg=\dimen336
)
(/home/parkinsonjl/soft/texlive/2018/texmf-dist/tex/generic/pgf/frontendlayer/t
ikz/libraries/tikzlibraryplotmarks.code.tex
File: tikzlibraryplotmarks.code.tex 2019/02/02 v3.1.1 (3.1.1)

(/home/parkinsonjl/soft/texlive/2018/texmf-dist/tex/generic/pgf/libraries/pgfli
braryplotmarks.code.tex
File: pgflibraryplotmarks.code.tex 2019/02/02 v3.1.1 (3.1.1)
)))
(/home/parkinsonjl/soft/texlive/2018/texmf-dist/tex/generic/pgfplots/libs/tikzl
ibrarypgfplots.fillbetween.code.tex
(/home/parkinsonjl/soft/texlive/2018/texmf-dist/tex/generic/pgfplots/pgfcontrib
/tikzlibraryfillbetween.code.tex
(/home/parkinsonjl/soft/texlive/2018/texmf-dist/tex/generic/pgf/frontendlayer/t
ikz/libraries/tikzlibraryintersections.code.tex
(/home/parkinsonjl/soft/texlive/2018/texmf-dist/tex/generic/pgf/libraries/pgfli
braryintersections.code.tex
\pgf@intersect@solutions=\count339
))
(/home/parkinsonjl/soft/texlive/2018/texmf-dist/tex/generic/pgfplots/pgfcontrib
/tikzlibrarydecorations.softclip.code.tex
(/home/parkinsonjl/soft/texlive/2018/texmf-dist/tex/generic/pgfplots/pgfcontrib
/pgflibraryfillbetween.code.tex
(/home/parkinsonjl/soft/texlive/2018/texmf-dist/tex/generic/pgfplots/oldpgfcomp
atib/pgfplotsoldpgfsupp_pgflibraryintersections.code.tex
\pgf@intersect@solutions=\count340
))))
(/home/parkinsonjl/soft/texlive/2018/texmf-dist/tex/generic/pgfplots/libs/tikzl
ibrarypgfplots.decorations.softclip.code.tex))
(/home/parkinsonjl/soft/texlive/2018/texmf-dist/tex/generic/pgf/frontendlayer/t
ikz/libraries/tikzlibrarypositioning.code.tex
File: tikzlibrarypositioning.code.tex 2019/02/02 v3.1.1 (3.1.1)
)
(/home/parkinsonjl/soft/texlive/2018/texmf-dist/tex/generic/pgf/frontendlayer/t
ikz/libraries/tikzlibrarydecorations.markings.code.tex
(/home/parkinsonjl/soft/texlive/2018/texmf-dist/tex/generic/pgf/libraries/decor
ations/pgflibrarydecorations.markings.code.tex))
(/home/parkinsonjl/soft/texlive/2018/texmf-dist/tex/latex/mdframed/mdframed.sty
Package: mdframed 2013/07/01 1.9b: mdframed

(/home/parkinsonjl/soft/texlive/2018/texmf-dist/tex/latex/l3packages/xparse/xpa
rse.sty
(/home/parkinsonjl/soft/texlive/2018/texmf-dist/tex/latex/l3kernel/expl3.sty
Package: expl3 2019-02-15 L3 programming layer (loader) 

(/home/parkinsonjl/soft/texlive/2018/texmf-dist/tex/latex/l3kernel/expl3-code.t
ex
Package: expl3 2019-02-15 L3 programming layer (code)
\c_max_int=\count341
\l_tmpa_int=\count342
\l_tmpb_int=\count343
\g_tmpa_int=\count344
\g_tmpb_int=\count345
\g__kernel_prg_map_int=\count346
\c_log_iow=\count347
\l_iow_line_count_int=\count348
\l__iow_line_target_int=\count349
\l__iow_one_indent_int=\count350
\l__iow_indent_int=\count351
\c_zero_dim=\dimen337
\c_max_dim=\dimen338
\l_tmpa_dim=\dimen339
\l_tmpb_dim=\dimen340
\g_tmpa_dim=\dimen341
\g_tmpb_dim=\dimen342
\c_zero_skip=\skip77
\c_max_skip=\skip78
\l_tmpa_skip=\skip79
\l_tmpb_skip=\skip80
\g_tmpa_skip=\skip81
\g_tmpb_skip=\skip82
\c_zero_muskip=\muskip12
\c_max_muskip=\muskip13
\l_tmpa_muskip=\muskip14
\l_tmpb_muskip=\muskip15
\g_tmpa_muskip=\muskip16
\g_tmpb_muskip=\muskip17
\l_keys_choice_int=\count352
\l__intarray_loop_int=\count353
\c__intarray_sp_dim=\dimen343
\g__intarray_font_int=\count354
\c__fp_leading_shift_int=\count355
\c__fp_middle_shift_int=\count356
\c__fp_trailing_shift_int=\count357
\c__fp_big_leading_shift_int=\count358
\c__fp_big_middle_shift_int=\count359
\c__fp_big_trailing_shift_int=\count360
\c__fp_Bigg_leading_shift_int=\count361
\c__fp_Bigg_middle_shift_int=\count362
\c__fp_Bigg_trailing_shift_int=\count363
\c__kernel_randint_max_int=\count364
\g__fp_array_int=\count365
\l__fp_array_loop_int=\count366
\l__sort_length_int=\count367
\l__sort_min_int=\count368
\l__sort_top_int=\count369
\l__sort_max_int=\count370
\l__sort_true_max_int=\count371
\l__sort_block_int=\count372
\l__sort_begin_int=\count373
\l__sort_end_int=\count374
\l__sort_A_int=\count375
\l__sort_B_int=\count376
\l__sort_C_int=\count377
\l__tl_analysis_normal_int=\count378
\l__tl_analysis_index_int=\count379
\l__tl_analysis_nesting_int=\count380
\l__tl_analysis_type_int=\count381
\l__regex_internal_a_int=\count382
\l__regex_internal_b_int=\count383
\l__regex_internal_c_int=\count384
\l__regex_balance_int=\count385
\l__regex_group_level_int=\count386
\l__regex_mode_int=\count387
\c__regex_cs_in_class_mode_int=\count388
\c__regex_cs_mode_int=\count389
\l__regex_catcodes_int=\count390
\l__regex_default_catcodes_int=\count391
\c__regex_catcode_D_int=\count392
\c__regex_catcode_S_int=\count393
\c__regex_catcode_L_int=\count394
\c__regex_catcode_O_int=\count395
\c__regex_catcode_A_int=\count396
\c__regex_all_catcodes_int=\count397
\l__regex_show_lines_int=\count398
\l__regex_min_state_int=\count399
\l__regex_max_state_int=\count400
\l__regex_left_state_int=\count401
\l__regex_right_state_int=\count402
\l__regex_capturing_group_int=\count403
\l__regex_min_pos_int=\count404
\l__regex_max_pos_int=\count405
\l__regex_curr_pos_int=\count406
\l__regex_start_pos_int=\count407
\l__regex_success_pos_int=\count408
\l__regex_curr_char_int=\count409
\l__regex_curr_catcode_int=\count410
\l__regex_last_char_int=\count411
\l__regex_case_changed_char_int=\count412
\l__regex_curr_state_int=\count413
\l__regex_step_int=\count414
\l__regex_min_active_int=\count415
\l__regex_max_active_int=\count416
\l__regex_replacement_csnames_int=\count417
\l__regex_match_count_int=\count418
\l__regex_min_submatch_int=\count419
\l__regex_submatch_int=\count420
\l__regex_zeroth_submatch_int=\count421
\g__regex_trace_regex_int=\count422
\c_empty_box=\box76
\l_tmpa_box=\box77
\l_tmpb_box=\box78
\g_tmpa_box=\box79
\g_tmpb_box=\box80
\l__box_top_dim=\dimen344
\l__box_bottom_dim=\dimen345
\l__box_left_dim=\dimen346
\l__box_right_dim=\dimen347
\l__box_top_new_dim=\dimen348
\l__box_bottom_new_dim=\dimen349
\l__box_left_new_dim=\dimen350
\l__box_right_new_dim=\dimen351
\l__box_internal_box=\box81
\l__coffin_internal_box=\box82
\l__coffin_internal_dim=\dimen352
\l__coffin_offset_x_dim=\dimen353
\l__coffin_offset_y_dim=\dimen354
\l__coffin_x_dim=\dimen355
\l__coffin_y_dim=\dimen356
\l__coffin_x_prime_dim=\dimen357
\l__coffin_y_prime_dim=\dimen358
\c_empty_coffin=\box83
\l__coffin_aligned_coffin=\box84
\l__coffin_aligned_internal_coffin=\box85
\l_tmpa_coffin=\box86
\l_tmpb_coffin=\box87
\g_tmpa_coffin=\box88
\g_tmpb_coffin=\box89
\c__coffin_empty_coffin=\box90
\l__coffin_display_coffin=\box91
\l__coffin_display_coord_coffin=\box92
\l__coffin_display_pole_coffin=\box93
\l__coffin_display_offset_dim=\dimen359
\l__coffin_display_x_dim=\dimen360
\l__coffin_display_y_dim=\dimen361
\g__file_internal_ior=\read4
\l__coffin_bounding_shift_dim=\dimen362
\l__coffin_left_corner_dim=\dimen363
\l__coffin_right_corner_dim=\dimen364
\l__coffin_bottom_corner_dim=\dimen365
\l__coffin_top_corner_dim=\dimen366
\l__coffin_scaled_total_height_dim=\dimen367
\l__coffin_scaled_width_dim=\dimen368
\l__seq_internal_a_int=\count423
\l__seq_internal_b_int=\count424
)
(/home/parkinsonjl/soft/texlive/2018/texmf-dist/tex/latex/l3kernel/l3pdfmode.de
f
File: l3pdfmode.def 2019-02-15 v L3 Experimental driver: PDF mode
\l__driver_color_stack_int=\count425
))
Package: xparse 2018-10-17 L3 Experimental document command parser
\l__xparse_current_arg_int=\count426
\g__xparse_grabber_int=\count427
\l__xparse_m_args_int=\count428
\l__xparse_mandatory_args_int=\count429
\l__xparse_v_nesting_int=\count430
)
(/home/parkinsonjl/soft/texlive/2018/texmf-dist/tex/latex/oberdiek/zref-abspage
.sty
Package: zref-abspage 2018/11/21 v2.27 Module abspage for zref (HO)

(/home/parkinsonjl/soft/texlive/2018/texmf-dist/tex/latex/oberdiek/zref-base.st
y
Package: zref-base 2018/11/21 v2.27 Module base for zref (HO)

(/home/parkinsonjl/soft/texlive/2018/texmf-dist/tex/generic/oberdiek/kvdefineke
ys.sty
Package: kvdefinekeys 2016/05/16 v1.4 Define keys (HO)
)
(/home/parkinsonjl/soft/texlive/2018/texmf-dist/tex/latex/oberdiek/auxhook.sty
Package: auxhook 2016/05/16 v1.4 Hooks for auxiliary files (HO)
)
Package zref Info: New property list: main on input line 759.
Package zref Info: New property: default on input line 760.
Package zref Info: New property: page on input line 761.
)
(/home/parkinsonjl/soft/texlive/2018/texmf-dist/tex/generic/oberdiek/atbegshi.s
ty
Package: atbegshi 2016/06/09 v1.18 At begin shipout hook (HO)
)
\c@abspage=\count431
Package zref Info: New property: abspage on input line 62.
)
(/home/parkinsonjl/soft/texlive/2018/texmf-dist/tex/latex/needspace/needspace.s
ty
Package: needspace 2010/09/12 v1.3d reserve vertical space
)
\mdf@templength=\skip83
\c@mdf@globalstyle@cnt=\count432
\mdf@skipabove@length=\skip84
\mdf@skipbelow@length=\skip85
\mdf@leftmargin@length=\skip86
\mdf@rightmargin@length=\skip87
\mdf@innerleftmargin@length=\skip88
\mdf@innerrightmargin@length=\skip89
\mdf@innertopmargin@length=\skip90
\mdf@innerbottommargin@length=\skip91
\mdf@splittopskip@length=\skip92
\mdf@splitbottomskip@length=\skip93
\mdf@outermargin@length=\skip94
\mdf@innermargin@length=\skip95
\mdf@linewidth@length=\skip96
\mdf@innerlinewidth@length=\skip97
\mdf@middlelinewidth@length=\skip98
\mdf@outerlinewidth@length=\skip99
\mdf@roundcorner@length=\skip100
\mdf@footenotedistance@length=\skip101
\mdf@userdefinedwidth@length=\skip102
\mdf@needspace@length=\skip103
\mdf@frametitleaboveskip@length=\skip104
\mdf@frametitlebelowskip@length=\skip105
\mdf@frametitlerulewidth@length=\skip106
\mdf@frametitleleftmargin@length=\skip107
\mdf@frametitlerightmargin@length=\skip108
\mdf@shadowsize@length=\skip109
\mdf@extratopheight@length=\skip110
\mdf@subtitleabovelinewidth@length=\skip111
\mdf@subtitlebelowlinewidth@length=\skip112
\mdf@subtitleaboveskip@length=\skip113
\mdf@subtitlebelowskip@length=\skip114
\mdf@subtitleinneraboveskip@length=\skip115
\mdf@subtitleinnerbelowskip@length=\skip116
\mdf@subsubtitleabovelinewidth@length=\skip117
\mdf@subsubtitlebelowlinewidth@length=\skip118
\mdf@subsubtitleaboveskip@length=\skip119
\mdf@subsubtitlebelowskip@length=\skip120
\mdf@subsubtitleinneraboveskip@length=\skip121
\mdf@subsubtitleinnerbelowskip@length=\skip122

(/home/parkinsonjl/soft/texlive/2018/texmf-dist/tex/latex/mdframed/md-frame-0.m
df
File: md-frame-0.mdf 2013/07/01\ 1.9b: md-frame-0
)
\mdf@frametitlebox=\box94
\mdf@footnotebox=\box95
\mdf@splitbox@one=\box96
\mdf@splitbox@two=\box97
\mdf@splitbox@save=\box98
\mdfsplitboxwidth=\skip123
\mdfsplitboxtotalwidth=\skip124
\mdfsplitboxheight=\skip125
\mdfsplitboxdepth=\skip126
\mdfsplitboxtotalheight=\skip127
\mdfframetitleboxwidth=\skip128
\mdfframetitleboxtotalwidth=\skip129
\mdfframetitleboxheight=\skip130
\mdfframetitleboxdepth=\skip131
\mdfframetitleboxtotalheight=\skip132
\mdffootnoteboxwidth=\skip133
\mdffootnoteboxtotalwidth=\skip134
\mdffootnoteboxheight=\skip135
\mdffootnoteboxdepth=\skip136
\mdffootnoteboxtotalheight=\skip137
\mdftotallinewidth=\skip138
\mdfboundingboxwidth=\skip139
\mdfboundingboxtotalwidth=\skip140
\mdfboundingboxheight=\skip141
\mdfboundingboxdepth=\skip142
\mdfboundingboxtotalheight=\skip143
\mdf@freevspace@length=\skip144
\mdf@horizontalwidthofbox@length=\skip145
\mdf@verticalmarginwhole@length=\skip146
\mdf@horizontalspaceofbox=\skip147
\mdfsubtitleheight=\skip148
\mdfsubsubtitleheight=\skip149
\c@mdfcountframes=\count433

****** mdframed patching \endmdf@trivlist

****** -- success******

\mdf@envdepth=\count434
\c@mdf@env@i=\count435
\c@mdf@env@ii=\count436
\c@mdf@zref@counter=\count437
Package zref Info: New property: mdf@pagevalue on input line 895.
)
(/home/parkinsonjl/soft/texlive/2018/texmf-dist/tex/latex/tcolorbox/tcolorbox.s
ty
Package: tcolorbox 2018/12/07 version 4.15 text color boxes

(/home/parkinsonjl/soft/texlive/2018/texmf-dist/tex/latex/environ/environ.sty
Package: environ 2014/05/04 v0.3 A new way to define environments

(/home/parkinsonjl/soft/texlive/2018/texmf-dist/tex/latex/trimspaces/trimspaces
.sty
Package: trimspaces 2009/09/17 v1.1 Trim spaces around a token list
))
\tcb@titlebox=\box99
\tcb@upperbox=\box100
\tcb@lowerbox=\box101
\tcb@phantombox=\box102
\c@tcbbreakpart=\count438
\c@tcblayer=\count439
\tcolorbox@number=\count440
\tcb@temp=\box103
\tcb@temp=\box104
\tcb@temp=\box105
\tcb@temp=\box106
\tcb@out=\write5
\tcb@record@out=\write6
)
Package biblatex Info: Trying to load language 'english'...
Package biblatex Info: ... file 'english.lbx' found.

(/home/parkinsonjl/soft/texlive/2018/texmf-dist/tex/latex/biblatex/lbx/english.
lbx
File: english.lbx 2018/11/02 v3.12 biblatex localization (PK/MW)
)
\@quotelevel=\count441
\@quotereset=\count442


LaTeX Warning: Unused global option(s):
    [24pt].

(./EGU2019Poster.aux)
\openout1 = `EGU2019Poster.aux'.

LaTeX Font Info:    Checking defaults for OML/cmm/m/it on input line 274.
LaTeX Font Info:    ... okay on input line 274.
LaTeX Font Info:    Checking defaults for T1/cmr/m/n on input line 274.
LaTeX Font Info:    ... okay on input line 274.
LaTeX Font Info:    Checking defaults for OT1/cmr/m/n on input line 274.
LaTeX Font Info:    ... okay on input line 274.
LaTeX Font Info:    Checking defaults for OMS/cmsy/m/n on input line 274.
LaTeX Font Info:    ... okay on input line 274.
LaTeX Font Info:    Checking defaults for OMX/cmex/m/n on input line 274.
LaTeX Font Info:    ... okay on input line 274.
LaTeX Font Info:    Checking defaults for U/cmr/m/n on input line 274.
LaTeX Font Info:    ... okay on input line 274.
 ABD: EveryShipout initializing macros
(/home/parkinsonjl/soft/texlive/2018/texmf-dist/tex/context/base/mkii/supp-pdf.
mkii
[Loading MPS to PDF converter (version 2006.09.02).]
\scratchcounter=\count443
\scratchdimen=\dimen369
\scratchbox=\box107
\nofMPsegments=\count444
\nofMParguments=\count445
\everyMPshowfont=\toks44
\MPscratchCnt=\count446
\MPscratchDim=\dimen370
\MPnumerator=\count447
\makeMPintoPDFobject=\count448
\everyMPtoPDFconversion=\toks45
)
(/home/parkinsonjl/soft/texlive/2018/texmf-dist/tex/latex/oberdiek/epstopdf-bas
e.sty
Package: epstopdf-base 2016/05/15 v2.6 Base part for package epstopdf

(/home/parkinsonjl/soft/texlive/2018/texmf-dist/tex/latex/oberdiek/grfext.sty
Package: grfext 2016/05/16 v1.2 Manage graphics extensions (HO)
)
Package epstopdf-base Info: Redefining graphics rule for `.eps' on input line 4
38.
Package grfext Info: Graphics extension search list:
(grfext)             [.pdf,.png,.jpg,.mps,.jpeg,.jbig2,.jb2,.PDF,.PNG,.JPG,.JPE
G,.JBIG2,.JB2,.eps]
(grfext)             \AppendGraphicsExtensions on input line 456.

(/home/parkinsonjl/soft/texlive/2018/texmf-dist/tex/latex/latexconfig/epstopdf-
sys.cfg
File: epstopdf-sys.cfg 2010/07/13 v1.3 Configuration of (r)epstopdf for TeX Liv
e
))
*geometry* driver: auto-detecting
*geometry* detected driver: pdftex
*geometry* verbose mode - [ preamble ] result:
* driver: pdftex
* paper: a0paper
* layout: <same size as paper>
* layoutoffset:(h,v)=(0.0pt,0.0pt)
* modes: landscape 
* h-part:(L,W,R)=(0.0pt, 3383.03267pt, 0.0pt)
* v-part:(T,H,B)=(0.0pt, 2392.87677pt, 0.0pt)
* \paperwidth=3383.03267pt
* \paperheight=2392.87677pt
* \textwidth=3383.03267pt
* \textheight=2392.87677pt
* \oddsidemargin=-72.26999pt
* \evensidemargin=-72.26999pt
* \topmargin=-109.26999pt
* \headheight=12.0pt
* \headsep=25.0pt
* \topskip=10.0pt
* \footskip=30.0pt
* \marginparwidth=65.0pt
* \marginparsep=11.0pt
* \columnsep=10.0pt
* \skip\footins=9.0pt plus 4.0pt minus 2.0pt
* \hoffset=0.0pt
* \voffset=0.0pt
* \mag=1000
* \@twocolumnfalse
* \@twosidefalse
* \@mparswitchfalse
* \@reversemarginfalse
* (1in=72.27pt=25.4mm, 1cm=28.453pt)

Package epstopdf Info: Source file: <figures/EGU2019Website.eps>
(epstopdf)                    date: 2019-03-26 17:34:00
(epstopdf)                    size: 21668 bytes
(epstopdf)             Output file: <figures/EGU2019Website-eps-converted-to.pd
f>
(epstopdf)                    date: 2019-03-26 17:35:11
(epstopdf)                    size: 3297 bytes
(epstopdf)             Command: <repstopdf --outfile=figures/EGU2019Website-eps
-converted-to.pdf figures/EGU2019Website.eps>
(epstopdf)             \includegraphics on input line 274.
Package epstopdf Info: Output file is already uptodate.
<figures/EGU2019Website-eps-converted-to.pdf, id=29, 200.75pt x 200.75pt>
File: figures/EGU2019Website-eps-converted-to.pdf Graphic file (type pdf)
<use figures/EGU2019Website-eps-converted-to.pdf>
Package pdftex.def Info: figures/EGU2019Website-eps-converted-to.pdf  used on i
nput line 274.
(pdftex.def)             Requested size: 113.81297pt x 113.81102pt.
Package epstopdf Info: Source file: <figures/Oxford.eps>
(epstopdf)                    date: 2019-03-22 15:52:47
(epstopdf)                    size: 513488 bytes
(epstopdf)             Output file: <figures/Oxford-eps-converted-to.pdf>
(epstopdf)                    date: 2019-03-22 17:27:40
(epstopdf)                    size: 34195 bytes
(epstopdf)             Command: <repstopdf --outfile=figures/Oxford-eps-convert
ed-to.pdf figures/Oxford.eps>
(epstopdf)             \includegraphics on input line 274.
Package epstopdf Info: Output file is already uptodate.
<figures/Oxford-eps-converted-to.pdf, id=30, 285.065pt x 285.065pt>
File: figures/Oxford-eps-converted-to.pdf Graphic file (type pdf)
<use figures/Oxford-eps-converted-to.pdf>
Package pdftex.def Info: figures/Oxford-eps-converted-to.pdf  used on input lin
e 274.
(pdftex.def)             Requested size: 113.81084pt x 113.81102pt.
Package epstopdf Info: Source file: <figures/Berkeley_Lab_Logo_Small.eps>
(epstopdf)                    date: 2019-03-22 15:52:47
(epstopdf)                    size: 380674 bytes
(epstopdf)             Output file: <figures/Berkeley_Lab_Logo_Small-eps-conver
ted-to.pdf>
(epstopdf)                    date: 2019-03-22 17:27:40
(epstopdf)                    size: 20738 bytes
(epstopdf)             Command: <repstopdf --outfile=figures/Berkeley_Lab_Logo_
Small-eps-converted-to.pdf figures/Berkeley_Lab_Logo_Small.eps>
(epstopdf)             \includegraphics on input line 274.
Package epstopdf Info: Output file is already uptodate.
<figures/Berkeley_Lab_Logo_Small-eps-converted-to.pdf, id=31, 121.45375pt x 92.
345pt>
File: figures/Berkeley_Lab_Logo_Small-eps-converted-to.pdf Graphic file (type p
df)
<use figures/Berkeley_Lab_Logo_Small-eps-converted-to.pdf>
Package pdftex.def Info: figures/Berkeley_Lab_Logo_Small-eps-converted-to.pdf  
used on input line 274.
(pdftex.def)             Requested size: 149.68742pt x 113.81102pt.
Package epstopdf Info: Source file: <figures/nerc-logo.eps>
(epstopdf)                    date: 2019-03-22 15:52:47
(epstopdf)                    size: 536102 bytes
(epstopdf)             Output file: <figures/nerc-logo-eps-converted-to.pdf>
(epstopdf)                    date: 2019-03-22 17:27:40
(epstopdf)                    size: 24110 bytes
(epstopdf)             Command: <repstopdf --outfile=figures/nerc-logo-eps-conv
erted-to.pdf figures/nerc-logo.eps>
(epstopdf)             \includegraphics on input line 274.
Package epstopdf Info: Output file is already uptodate.
<figures/nerc-logo-eps-converted-to.pdf, id=32, 196.735pt x 137.51375pt>
File: figures/nerc-logo-eps-converted-to.pdf Graphic file (type pdf)
<use figures/nerc-logo-eps-converted-to.pdf>
Package pdftex.def Info: figures/nerc-logo-eps-converted-to.pdf  used on input 
line 274.
(pdftex.def)             Requested size: 162.83069pt x 113.81102pt.
<figures/roysoclogo.jpg, id=33, 152.57pt x 75.28125pt>
File: figures/roysoclogo.jpg Graphic file (type jpg)
<use figures/roysoclogo.jpg>
Package pdftex.def Info: figures/roysoclogo.jpg  used on input line 274.
(pdftex.def)             Requested size: 230.67961pt x 113.81102pt.
Package biblatex Info: Input encoding 'utf8' detected.
Package biblatex Info: Automatic encoding selection.
(biblatex)             Assuming data encoding 'utf8'.
Package biblatex Info: Input encoding 'utf8' specified.
Package biblatex Info: Data encoding 'utf8' specified.
(biblatex)             No need to reencode data.
\openout4 = `EGU2019Poster-blx.bib'.

Package biblatex Info: Trying to load bibliographic data...
Package biblatex Info: ... file 'EGU2019Poster.bbl' found.
(./EGU2019Poster.bbl
Missing character: There is no [ in font nullfont!
Missing character: There is no 1 in font nullfont!
Missing character: There is no ] in font nullfont!
Missing character: There is no [ in font nullfont!
Missing character: There is no 2 in font nullfont!
Missing character: There is no ] in font nullfont!
Missing character: There is no [ in font nullfont!
Missing character: There is no 3 in font nullfont!
Missing character: There is no ] in font nullfont!
Missing character: There is no [ in font nullfont!
Missing character: There is no 4 in font nullfont!
Missing character: There is no ] in font nullfont!
Missing character: There is no [ in font nullfont!
Missing character: There is no 5 in font nullfont!
Missing character: There is no ] in font nullfont!
)
Package biblatex Info: Reference section=0 on input line 274.
Package biblatex Info: Reference segment=0 on input line 274.
Package caption Info: Begin \AtBeginDocument code.
Package caption Info: End \AtBeginDocument code.

Package pgfplots notification 'compat/show suggested version=true': you might b
enefit from \pgfplotsset{compat=1.16} (current compat level: 1.13).

\AtBeginShipoutBox=\box108
Missing character: There is no - in font nullfont!
Missing character: There is no 5 in font nullfont!
Missing character: There is no . in font nullfont!
Missing character: There is no 0 in font nullfont!
Missing character: There is no c in font nullfont!
Missing character: There is no m in font nullfont!
Missing character: There is no = in font nullfont!
Missing character: There is no 1 in font nullfont!
Missing character: There is no 0 in font nullfont!
Missing character: There is no p in font nullfont!
Missing character: There is no t in font nullfont!
Missing character: There is no 1 in font nullfont!
Missing character: There is no = in font nullfont!
Missing character: There is no 1 in font nullfont!
LaTeX Font Info:    Try loading font information for U+msa on input line 277.
(/home/parkinsonjl/soft/texlive/2018/texmf-dist/tex/latex/amsfonts/umsa.fd
File: umsa.fd 2013/01/14 v3.01 AMS symbols A
)
LaTeX Font Info:    Try loading font information for U+msb on input line 277.

(/home/parkinsonjl/soft/texlive/2018/texmf-dist/tex/latex/amsfonts/umsb.fd
File: umsb.fd 2013/01/14 v3.01 AMS symbols B
)
LaTeX Font Info:    Try loading font information for U+rsfs on input line 277.

(/home/parkinsonjl/soft/texlive/2018/texmf-dist/tex/latex/jknapltx/ursfs.fd
File: ursfs.fd 1998/03/24 rsfs font definition file (jk)
)

LaTeX Font Warning: Font shape `U/rsfs/m/n' in size <61.92> not available
(Font)              size <24.88> substituted on input line 277.


LaTeX Font Warning: Font shape `U/rsfs/m/n' in size <43> not available
(Font)              size <24.88> substituted on input line 277.


LaTeX Font Warning: Font shape `U/rsfs/m/n' in size <29.86> not available
(Font)              size <24.88> substituted on input line 277.

Package epstopdf Info: Source file: <figures/EGU2019Website.eps>
(epstopdf)                    date: 2019-03-26 17:34:00
(epstopdf)                    size: 21668 bytes
(epstopdf)             Output file: <figures/EGU2019Website-eps-converted-to.pd
f>
(epstopdf)                    date: 2019-03-26 17:35:11
(epstopdf)                    size: 3297 bytes
(epstopdf)             Command: <repstopdf --outfile=figures/EGU2019Website-eps
-converted-to.pdf figures/EGU2019Website.eps>
(epstopdf)             \includegraphics on input line 277.
Package epstopdf Info: Output file is already uptodate.
File: figures/EGU2019Website-eps-converted-to.pdf Graphic file (type pdf)
<use figures/EGU2019Website-eps-converted-to.pdf>
Package pdftex.def Info: figures/EGU2019Website-eps-converted-to.pdf  used on i
nput line 277.
(pdftex.def)             Requested size: 113.81297pt x 113.81102pt.
Package epstopdf Info: Source file: <figures/Oxford.eps>
(epstopdf)                    date: 2019-03-22 15:52:47
(epstopdf)                    size: 513488 bytes
(epstopdf)             Output file: <figures/Oxford-eps-converted-to.pdf>
(epstopdf)                    date: 2019-03-22 17:27:40
(epstopdf)                    size: 34195 bytes
(epstopdf)             Command: <repstopdf --outfile=figures/Oxford-eps-convert
ed-to.pdf figures/Oxford.eps>
(epstopdf)             \includegraphics on input line 277.
Package epstopdf Info: Output file is already uptodate.
File: figures/Oxford-eps-converted-to.pdf Graphic file (type pdf)
<use figures/Oxford-eps-converted-to.pdf>
Package pdftex.def Info: figures/Oxford-eps-converted-to.pdf  used on input lin
e 277.
(pdftex.def)             Requested size: 113.81084pt x 113.81102pt.
Package epstopdf Info: Source file: <figures/Berkeley_Lab_Logo_Small.eps>
(epstopdf)                    date: 2019-03-22 15:52:47
(epstopdf)                    size: 380674 bytes
(epstopdf)             Output file: <figures/Berkeley_Lab_Logo_Small-eps-conver
ted-to.pdf>
(epstopdf)                    date: 2019-03-22 17:27:40
(epstopdf)                    size: 20738 bytes
(epstopdf)             Command: <repstopdf --outfile=figures/Berkeley_Lab_Logo_
Small-eps-converted-to.pdf figures/Berkeley_Lab_Logo_Small.eps>
(epstopdf)             \includegraphics on input line 277.
Package epstopdf Info: Output file is already uptodate.
File: figures/Berkeley_Lab_Logo_Small-eps-converted-to.pdf Graphic file (type p
df)
<use figures/Berkeley_Lab_Logo_Small-eps-converted-to.pdf>
Package pdftex.def Info: figures/Berkeley_Lab_Logo_Small-eps-converted-to.pdf  
used on input line 277.
(pdftex.def)             Requested size: 149.68742pt x 113.81102pt.
Package epstopdf Info: Source file: <figures/nerc-logo.eps>
(epstopdf)                    date: 2019-03-22 15:52:47
(epstopdf)                    size: 536102 bytes
(epstopdf)             Output file: <figures/nerc-logo-eps-converted-to.pdf>
(epstopdf)                    date: 2019-03-22 17:27:40
(epstopdf)                    size: 24110 bytes
(epstopdf)             Command: <repstopdf --outfile=figures/nerc-logo-eps-conv
erted-to.pdf figures/nerc-logo.eps>
(epstopdf)             \includegraphics on input line 277.
Package epstopdf Info: Output file is already uptodate.
File: figures/nerc-logo-eps-converted-to.pdf Graphic file (type pdf)
<use figures/nerc-logo-eps-converted-to.pdf>
Package pdftex.def Info: figures/nerc-logo-eps-converted-to.pdf  used on input 
line 277.
(pdftex.def)             Requested size: 162.83069pt x 113.81102pt.
File: figures/roysoclogo.jpg Graphic file (type jpg)
<use figures/roysoclogo.jpg>
Package pdftex.def Info: figures/roysoclogo.jpg  used on input line 277.
(pdftex.def)             Requested size: 230.67961pt x 113.81102pt.

LaTeX Font Warning: Font shape `U/rsfs/m/n' in size <35.83> not available
(Font)              size <24.88> substituted on input line 277.

Package epstopdf Info: Source file: <figures/EGU2019Website.eps>
(epstopdf)                    date: 2019-03-26 17:34:00
(epstopdf)                    size: 21668 bytes
(epstopdf)             Output file: <figures/EGU2019Website-eps-converted-to.pd
f>
(epstopdf)                    date: 2019-03-26 17:35:11
(epstopdf)                    size: 3297 bytes
(epstopdf)             Command: <repstopdf --outfile=figures/EGU2019Website-eps
-converted-to.pdf figures/EGU2019Website.eps>
(epstopdf)             \includegraphics on input line 277.
Package epstopdf Info: Output file is already uptodate.
File: figures/EGU2019Website-eps-converted-to.pdf Graphic file (type pdf)
<use figures/EGU2019Website-eps-converted-to.pdf>
Package pdftex.def Info: figures/EGU2019Website-eps-converted-to.pdf  used on i
nput line 277.
(pdftex.def)             Requested size: 113.81297pt x 113.81102pt.
Package epstopdf Info: Source file: <figures/Oxford.eps>
(epstopdf)                    date: 2019-03-22 15:52:47
(epstopdf)                    size: 513488 bytes
(epstopdf)             Output file: <figures/Oxford-eps-converted-to.pdf>
(epstopdf)                    date: 2019-03-22 17:27:40
(epstopdf)                    size: 34195 bytes
(epstopdf)             Command: <repstopdf --outfile=figures/Oxford-eps-convert
ed-to.pdf figures/Oxford.eps>
(epstopdf)             \includegraphics on input line 277.
Package epstopdf Info: Output file is already uptodate.
File: figures/Oxford-eps-converted-to.pdf Graphic file (type pdf)
<use figures/Oxford-eps-converted-to.pdf>
Package pdftex.def Info: figures/Oxford-eps-converted-to.pdf  used on input lin
e 277.
(pdftex.def)             Requested size: 113.81084pt x 113.81102pt.
Package epstopdf Info: Source file: <figures/Berkeley_Lab_Logo_Small.eps>
(epstopdf)                    date: 2019-03-22 15:52:47
(epstopdf)                    size: 380674 bytes
(epstopdf)             Output file: <figures/Berkeley_Lab_Logo_Small-eps-conver
ted-to.pdf>
(epstopdf)                    date: 2019-03-22 17:27:40
(epstopdf)                    size: 20738 bytes
(epstopdf)             Command: <repstopdf --outfile=figures/Berkeley_Lab_Logo_
Small-eps-converted-to.pdf figures/Berkeley_Lab_Logo_Small.eps>
(epstopdf)             \includegraphics on input line 277.
Package epstopdf Info: Output file is already uptodate.
File: figures/Berkeley_Lab_Logo_Small-eps-converted-to.pdf Graphic file (type p
df)
<use figures/Berkeley_Lab_Logo_Small-eps-converted-to.pdf>
Package pdftex.def Info: figures/Berkeley_Lab_Logo_Small-eps-converted-to.pdf  
used on input line 277.
(pdftex.def)             Requested size: 149.68742pt x 113.81102pt.
Package epstopdf Info: Source file: <figures/nerc-logo.eps>
(epstopdf)                    date: 2019-03-22 15:52:47
(epstopdf)                    size: 536102 bytes
(epstopdf)             Output file: <figures/nerc-logo-eps-converted-to.pdf>
(epstopdf)                    date: 2019-03-22 17:27:40
(epstopdf)                    size: 24110 bytes
(epstopdf)             Command: <repstopdf --outfile=figures/nerc-logo-eps-conv
erted-to.pdf figures/nerc-logo.eps>
(epstopdf)             \includegraphics on input line 277.
Package epstopdf Info: Output file is already uptodate.
File: figures/nerc-logo-eps-converted-to.pdf Graphic file (type pdf)
<use figures/nerc-logo-eps-converted-to.pdf>
Package pdftex.def Info: figures/nerc-logo-eps-converted-to.pdf  used on input 
line 277.
(pdftex.def)             Requested size: 162.83069pt x 113.81102pt.
File: figures/roysoclogo.jpg Graphic file (type jpg)
<use figures/roysoclogo.jpg>
Package pdftex.def Info: figures/roysoclogo.jpg  used on input line 277.
(pdftex.def)             Requested size: 230.67961pt x 113.81102pt.
LaTeX Font Info:    Try loading font information for OMS+aer on input line 309.

(/home/parkinsonjl/soft/texlive/2018/texmf-dist/tex/latex/ae/omsaer.fd
File: omsaer.fd 1999/12/27
)
LaTeX Font Info:    Font shape `OMS/aer/m/n' in size <29.86> not available
(Font)              Font shape `OMS/cmsy/m/n' tried instead on input line 309.
<figures/widdellFig1TaToFsTimeCropped.png, id=34, 645.41125pt x 441.65pt>
File: figures/widdellFig1TaToFsTimeCropped.png Graphic file (type png)
<use figures/widdellFig1TaToFsTimeCropped.png>
Package pdftex.def Info: figures/widdellFig1TaToFsTimeCropped.png  used on inpu
t line 309.
(pdftex.def)             Requested size: 675.79996pt x 462.46576pt.

Overfull \hbox (4.45738pt too wide) in paragraph at lines 309--309
 [] 
 []

<figures/Eicken2000Edited.jpg, id=39, 628.3475pt x 652.4375pt>
File: figures/Eicken2000Edited.jpg Graphic file (type jpg)
<use figures/Eicken2000Edited.jpg>
Package pdftex.def Info: figures/Eicken2000Edited.jpg  used on input line 335.
(pdftex.def)             Requested size: 264.88136pt x 275.03732pt.
Package epstopdf Info: Source file: <figures/phaseDiagramVFinal.eps>
(epstopdf)                    date: 2019-03-22 15:55:31
(epstopdf)                    size: 84678 bytes
(epstopdf)             Output file: <figures/phaseDiagramVFinal-eps-converted-t
o.pdf>
(epstopdf)                    date: 2019-03-22 17:27:40
(epstopdf)                    size: 64837 bytes
(epstopdf)             Command: <repstopdf --outfile=figures/phaseDiagramVFinal
-eps-converted-to.pdf figures/phaseDiagramVFinal.eps>
(epstopdf)             \includegraphics on input line 335.
Package epstopdf Info: Output file is already uptodate.
<figures/phaseDiagramVFinal-eps-converted-to.pdf, id=41, 332.24126pt x 297.11pt
>
File: figures/phaseDiagramVFinal-eps-converted-to.pdf Graphic file (type pdf)
<use figures/phaseDiagramVFinal-eps-converted-to.pdf>
Package pdftex.def Info: figures/phaseDiagramVFinal-eps-converted-to.pdf  used 
on input line 335.
(pdftex.def)             Requested size: 311.24115pt x 278.34499pt.
<figures/desalinationEvent-small.png, id=43, 1691.118pt x 469.755pt>
File: figures/desalinationEvent-small.png Graphic file (type png)
<use figures/desalinationEvent-small.png>
Package pdftex.def Info: figures/desalinationEvent-small.png  used on input lin
e 564.
(pdftex.def)             Requested size: 1662.66122pt x 469.75386pt.

Overfull \hbox (56.22617pt too wide) in paragraph at lines 564--564
[][]  [] 
 []


Overfull \hbox (41.07193pt too wide) in paragraph at lines 564--564
[]$[]$
 []

<figures/SurfaceWarmingDiagnosticsNew.pdf, id=45, 650.43pt x 578.16pt>
File: figures/SurfaceWarmingDiagnosticsNew.pdf Graphic file (type pdf)
<use figures/SurfaceWarmingDiagnosticsNew.pdf>
Package pdftex.def Info: figures/SurfaceWarmingDiagnosticsNew.pdf  used on inpu
t line 564.
(pdftex.def)             Requested size: 650.4284pt x 578.15858pt.
<figures/SurfaceWarming-3TimeSeries-small.jpg, id=47, 650.43pt x 578.16pt>
File: figures/SurfaceWarming-3TimeSeries-small.jpg Graphic file (type jpg)
<use figures/SurfaceWarming-3TimeSeries-small.jpg>
Package pdftex.def Info: figures/SurfaceWarming-3TimeSeries-small.jpg  used on 
input line 564.
(pdftex.def)             Requested size: 650.4284pt x 578.15858pt.

Overfull \hbox (22.1498pt too wide) in paragraph at lines 564--564
 [] 
 []

<figures/BasalWarmingDiagnosticsNew.pdf, id=49, 650.43pt x 578.16pt>
File: figures/BasalWarmingDiagnosticsNew.pdf Graphic file (type pdf)
<use figures/BasalWarmingDiagnosticsNew.pdf>
Package pdftex.def Info: figures/BasalWarmingDiagnosticsNew.pdf  used on input 
line 564.
(pdftex.def)             Requested size: 650.4284pt x 578.15858pt.
<figures/BasalWarming-1p5TimeSeries-small.jpg, id=51, 650.43pt x 578.16pt>
File: figures/BasalWarming-1p5TimeSeries-small.jpg Graphic file (type jpg)
<use figures/BasalWarming-1p5TimeSeries-small.jpg>
Package pdftex.def Info: figures/BasalWarming-1p5TimeSeries-small.jpg  used on 
input line 564.
(pdftex.def)             Requested size: 630.51164pt x 578.15858pt.

Overfull \hbox (20.0311pt too wide) in paragraph at lines 564--564
 [] 
 []


Underfull \hbox (badness 4217) in paragraph at lines 625--625
[]\T1/aer/m/n/29.86 Consider forc-ing from re-anal-y-sis data,
 []

[1



{/home/parkinsonjl/soft/texlive/2018/texmf-var/fonts/map/pdftex/updmap/pdftex.m
ap} <./figures/widdellFig1TaToFsTimeCropped.png> <./figures/Eicken2000Edited.jp
g> <./figures/phaseDiagramVFinal-eps-converted-to.pdf> <./figures/desalinationE
vent-small.png> <./figures/SurfaceWarmingDiagnosticsNew.pdf> <./figures/Surface
Warming-3TimeSeries-small.jpg> <./figures/BasalWarmingDiagnosticsNew.pdf> <./fi
gures/BasalWarming-1p5TimeSeries-small.jpg> <./figures/EGU2019Website-eps-conve
rted-to.pdf> <./figures/Oxford-eps-converted-to.pdf> <./figures/Berkeley_Lab_Lo
go_Small-eps-converted-to.pdf> <./figures/nerc-logo-eps-converted-to.pdf> <./fi
gures/roysoclogo.jpg>] (./EGU2019Poster.aux)

LaTeX Font Warning: Size substitutions with differences
(Font)              up to 37.04pt have occurred.

Package logreq Info: Writing requests to 'EGU2019Poster.run.xml'.
\openout1 = `EGU2019Poster.run.xml'.

 ) 
Here is how much of TeX's memory you used:
 48902 strings out of 492616
 1143500 string characters out of 6128967
 1694614 words of memory out of 5000000
 52049 multiletter control sequences out of 15000+600000
 583438 words of font info for 133 fonts, out of 8000000 for 9000
 1141 hyphenation exceptions out of 8191
 62i,17n,103p,796b,2224s stack positions out of 5000i,500n,10000p,200000b,80000s
</home/parkinsonjl/soft/texlive/2018/texmf-dist/fonts/type1/public/amsfonts/c
m/cmbx12.pfb></home/parkinsonjl/soft/texlive/2018/texmf-dist/fonts/type1/public
/amsfonts/cm/cmcsc10.pfb></home/parkinsonjl/soft/texlive/2018/texmf-dist/fonts/
type1/public/amsfonts/cm/cmex10.pfb></home/parkinsonjl/soft/texlive/2018/texmf-
dist/fonts/type1/public/amsfonts/cm/cmmi10.pfb></home/parkinsonjl/soft/texlive/
2018/texmf-dist/fonts/type1/public/amsfonts/cm/cmmi12.pfb></home/parkinsonjl/so
ft/texlive/2018/texmf-dist/fonts/type1/public/amsfonts/cm/cmr12.pfb></home/park
insonjl/soft/texlive/2018/texmf-dist/fonts/type1/public/amsfonts/cm/cmr17.pfb><
/home/parkinsonjl/soft/texlive/2018/texmf-dist/fonts/type1/public/amsfonts/cm/c
msy10.pfb></home/parkinsonjl/soft/texlive/2018/texmf-dist/fonts/type1/public/am
sfonts/cm/cmti12.pfb>
Output written on EGU2019Poster.pdf (1 page, 9773063 bytes).
PDF statistics:
 168 PDF objects out of 1000 (max. 8388607)
 104 compressed objects within 2 object streams
 0 named destinations out of 1000 (max. 500000)
 228 words of extra memory for PDF output out of 10000 (max. 10000000)

